#
# There is insufficient memory for the Java Runtime Environment to continue.
# Native memory allocation (malloc) failed to allocate 2801368 bytes. Error detail: Chunk::new
# Possible reasons:
#   The system is out of physical RAM or swap space
#   This process is running with CompressedOops enabled, and the Java Heap may be blocking the growth of the native heap
# Possible solutions:
#   Reduce memory load on the system
#   Increase physical memory or swap space
#   Check if swap backing store is full
#   Decrease Java heap size (-Xmx/-Xms)
#   Decrease number of Java threads
#   Decrease Java thread stack sizes (-Xss)
#   Set larger code cache with -XX:ReservedCodeCacheSize=
#   JVM is running with Unscaled Compressed Oops mode in which the Java heap is
#     placed in the first 4GB address space. The Java Heap base address is the
#     maximum limit for the native heap growth. Please use -XX:HeapBaseMinAddress
#     to set the Java Heap base and to place the Java Heap above 4GB virtual address.
# This output file may be truncated or incomplete.
#
#  Out of Memory Error (arena.cpp:186), pid=30860, tid=35988
#
# JRE version: Java(TM) SE Runtime Environment (25.0.2+10) (build 25.0.2+10-LTS-69)
# Java VM: Java HotSpot(TM) 64-Bit Server VM (25.0.2+10-LTS-69, mixed mode, sharing, tiered, compressed oops, compressed class ptrs, g1 gc, windows-amd64)
# No core dump will be written. Minidumps are not enabled by default on client versions of Windows
#

---------------  S U M M A R Y ------------

Command Line: --enable-native-access=ALL-UNNAMED -Xmx512m -Dclassworlds.conf=C:\Users\bradl\.m2\wrapper\dists\apache-maven-3.9.16\0daed3be3ebd1c706f0e69e8b07c6b73f5cc4ea3dfce72a8d0ec2e849ca2ddb0\bin\m2.conf -Dmaven.home=C:\Users\bradl\.m2\wrapper\dists\apache-maven-3.9.16\0daed3be3ebd1c706f0e69e8b07c6b73f5cc4ea3dfce72a8d0ec2e849ca2ddb0 -Dlibrary.jansi.path=C:\Users\bradl\.m2\wrapper\dists\apache-maven-3.9.16\0daed3be3ebd1c706f0e69e8b07c6b73f5cc4ea3dfce72a8d0ec2e849ca2ddb0\lib\jansi-native -Dmaven.multiModuleProjectDirectory=C:\laragon\www\spring-mbiya-nkuadi-betsaleel org.codehaus.plexus.classworlds.launcher.Launcher test -DforkCount=0 -Dtest=ApplicationIntegrationTest -q

Host: AMD Ryzen 5 5500U with Radeon Graphics         , 12 cores, 11G,  Windows 11 , 64 bit Build 26100 (10.0.26100.7705)
Time: Wed Jul  8 11:34:00 2026 Afr. centrale Ouest elapsed time: 2.122647 seconds (0d 0h 0m 2s)

---------------  T H R E A D  ---------------

Current thread (0x000001c3137290f0):  JavaThread "C2 CompilerThread1" daemon [_thread_in_native, id=35988, stack(0x0000009697500000,0x0000009697600000) (1024K)]


Current CompileTask:
C2:2122 1433       4       java.util.jar.JarFile::getVersionedEntry (114 bytes)

Stack: [0x0000009697500000,0x0000009697600000]
Native frames: (J=compiled Java code, j=interpreted, Vv=VM code, C=native code)
V  [jvm.dll+0x7a70f9]  (no source info available)
V  [jvm.dll+0x772d6d]  (no source info available)
V  [jvm.dll+0x965d53]  (no source info available)
V  [jvm.dll+0x968351]  (no source info available)
V  [jvm.dll+0x968a63]  (no source info available)
V  [jvm.dll+0x2fc846]  (no source info available)
V  [jvm.dll+0x111b16]  (no source info available)
V  [jvm.dll+0x111e3e]  (no source info available)
V  [jvm.dll+0x1a0872]  (no source info available)
V  [jvm.dll+0x3b54c2]  (no source info available)
V  [jvm.dll+0x7aca8f]  (no source info available)
V  [jvm.dll+0x2c0b97]  (no source info available)
V  [jvm.dll+0x2bfb5f]  (no source info available)
V  [jvm.dll+0x2379a0]  (no source info available)
V  [jvm.dll+0x2cfc86]  (no source info available)
V  [jvm.dll+0x2cdf05]  (no source info available)
V  [jvm.dll+0x48e9d1]  (no source info available)
V  [jvm.dll+0x906fcd]  (no source info available)
V  [jvm.dll+0x7a56d5]  (no source info available)
C  [ucrtbase.dll+0x37b0]  (no source info available)
C  [KERNEL32.DLL+0x2e8d7]  (no source info available)
C  [ntdll.dll+0x8c40c]  (no source info available)

Lock stack of current Java thread (top to bottom):


---------------  P R O C E S S  ---------------

Threads class SMR info:
_java_thread_list=0x000001c3142a2890, length=12, elements={
0x000001c36d63ada0, 0x000001c37becb670, 0x000001c37beccc40, 0x000001c37bed0650,
0x000001c37bed26a0, 0x000001c37bed3dd0, 0x000001c37bed9510, 0x000001c37bedff00,
0x000001c37bee96b0, 0x000001c3130b0cb0, 0x000001c3130bbae0, 0x000001c3137290f0
}

Java Threads: ( => current thread )
  0x000001c36d63ada0 JavaThread "main"                              [_thread_in_Java, id=28192, stack(0x0000009696300000,0x0000009696400000) (1024K)]
  0x000001c37becb670 JavaThread "Reference Handler"          daemon [_thread_blocked, id=10544, stack(0x0000009696b00000,0x0000009696c00000) (1024K)]
  0x000001c37beccc40 JavaThread "Finalizer"                  daemon [_thread_blocked, id=6236, stack(0x0000009696c00000,0x0000009696d00000) (1024K)]
  0x000001c37bed0650 JavaThread "Signal Dispatcher"          daemon [_thread_blocked, id=39036, stack(0x0000009696d00000,0x0000009696e00000) (1024K)]
  0x000001c37bed26a0 JavaThread "Attach Listener"            daemon [_thread_blocked, id=12908, stack(0x0000009696e00000,0x0000009696f00000) (1024K)]
  0x000001c37bed3dd0 JavaThread "Service Thread"             daemon [_thread_blocked, id=40212, stack(0x0000009696f00000,0x0000009697000000) (1024K)]
  0x000001c37bed9510 JavaThread "Monitor Deflation Thread"   daemon [_thread_blocked, id=37660, stack(0x0000009697000000,0x0000009697100000) (1024K)]
  0x000001c37bedff00 JavaThread "C2 CompilerThread0"         daemon [_thread_in_native, id=16304, stack(0x0000009697100000,0x0000009697200000) (1024K)]
  0x000001c37bee96b0 JavaThread "C1 CompilerThread0"         daemon [_thread_blocked, id=808, stack(0x0000009697200000,0x0000009697300000) (1024K)]
  0x000001c3130b0cb0 JavaThread "Notification Thread"        daemon [_thread_blocked, id=36020, stack(0x0000009697300000,0x0000009697400000) (1024K)]
  0x000001c3130bbae0 JavaThread "Common-Cleaner"             daemon [_thread_blocked, id=37000, stack(0x0000009697400000,0x0000009697500000) (1024K)]
=>0x000001c3137290f0 JavaThread "C2 CompilerThread1"         daemon [_thread_in_native, id=35988, stack(0x0000009697500000,0x0000009697600000) (1024K)]
Total: 12

Other Threads:
  0x000001c37beb8dd0 VMThread "VM Thread"                           [id=39368, stack(0x0000009696a00000,0x0000009696b00000) (1024K)]
  0x000001c36fbc8ec0 WatcherThread "VM Periodic Task Thread"        [id=7356, stack(0x0000009696900000,0x0000009696a00000) (1024K)]
  0x000001c36fb47820 WorkerThread "GC Thread#0"                     [id=26556, stack(0x0000009696400000,0x0000009696500000) (1024K)]
  0x000001c36fb4f100 ConcurrentGCThread "G1 Main Marker"            [id=8800, stack(0x0000009696500000,0x0000009696600000) (1024K)]
  0x000001c36fb50a90 WorkerThread "G1 Conc#0"                       [id=27836, stack(0x0000009696600000,0x0000009696700000) (1024K)]
  0x000001c36fbb4b00 ConcurrentGCThread "G1 Refine#0"               [id=39844, stack(0x0000009696700000,0x0000009696800000) (1024K)]
  0x000001c36fbb5510 ConcurrentGCThread "G1 Service"                [id=33460, stack(0x0000009696800000,0x0000009696900000) (1024K)]
Total: 7

Threads with active compile tasks:
C2 CompilerThread0  3200 1435   !   4       java.net.URL::<init> (523 bytes)
C2 CompilerThread1  3200 1433       4       java.util.jar.JarFile::getVersionedEntry (114 bytes)
Total: 2

VM state: not at safepoint (normal execution)

VM Mutex/Monitor currently owned by a thread: None

Heap address: 0x00000000e0000000, size: 512 MB, Compressed Oops mode: 32-bit

CDS archive(s) mapped at: [0x000000002a000000-0x000000002add0000-0x000000002add0000), size 14483456, SharedBaseAddress: 0x000000002a000000, ArchiveRelocationMode: 1.
Compressed class space mapped at: 0x000000002b000000-0x000000006b000000, reserved size: 1073741824
UseCompressedClassPointers 1, UseCompactObjectHeaders 0
Narrow klass pointer bits 32, Max shift 3
Narrow klass base: 0x000000002a000000, Narrow klass shift: 0
Encoding Range: [0x000000002a000000 - 0x000000012a000000), (4294967296 bytes)
Klass Range:    [0x000000002a010000 - 0x000000006b000000), (1090453504 bytes)
Klass ID Range:  [65536 - 1090519033) (1090453497)
Protection zone: [0x000000002a000000 - 0x000000002a010000), (65536 bytes)

GC Precious Log:
 CardTable entry size: 512
 Card Set container configuration: InlinePtr #cards 5 size 8 Array Of Cards #cards 10 size 36 Howl #buckets 4 coarsen threshold 1843 Howl Bitmap #cards 512 size 80 coarsen threshold 460 Card regions per heap region 1 cards per card region 2048
 CPUs: 12 total, 12 available
 Memory: 11626M
 Large Page Support: Disabled
 NUMA Support: Disabled
 Compressed Oops: Enabled (32-bit)
 Heap Region Size: 1M
 Heap Min Capacity: 8M
 Heap Initial Capacity: 182M
 Heap Max Capacity: 512M
 Pre-touch: Disabled
 Parallel Workers: 10
 Concurrent Workers: 3
 Concurrent Refinement Workers: 10
 Periodic GC: Disabled

Heap:
 garbage-first heap   total reserved 524288K, committed 188416K, used 34965K [0x00000000e0000000, 0x0000000100000000)
  region size 1024K, 34 young (34816K), 0 survivors (0K)

Heap Regions: E=young(eden), S=young(survivor), O=old, HS=humongous(starts), HC=humongous(continues), CS=collection set, F=free, TAMS=top-at-mark-start, PB=parsable bottom
|   0|0x00000000e0000000, 0x00000000e0000000, 0x00000000e0100000|  0%| F|  |TAMS 0x00000000e0000000| PB 0x00000000e0000000| Untracked |  0
|   1|0x00000000e0100000, 0x00000000e0100000, 0x00000000e0200000|  0%| F|  |TAMS 0x00000000e0100000| PB 0x00000000e0100000| Untracked |  0
|   2|0x00000000e0200000, 0x00000000e0200000, 0x00000000e0300000|  0%| F|  |TAMS 0x00000000e0200000| PB 0x00000000e0200000| Untracked |  0
|   3|0x00000000e0300000, 0x00000000e0300000, 0x00000000e0400000|  0%| F|  |TAMS 0x00000000e0300000| PB 0x00000000e0300000| Untracked |  0
|   4|0x00000000e0400000, 0x00000000e0400000, 0x00000000e0500000|  0%| F|  |TAMS 0x00000000e0400000| PB 0x00000000e0400000| Untracked |  0
|   5|0x00000000e0500000, 0x00000000e0500000, 0x00000000e0600000|  0%| F|  |TAMS 0x00000000e0500000| PB 0x00000000e0500000| Untracked |  0
|   6|0x00000000e0600000, 0x00000000e0600000, 0x00000000e0700000|  0%| F|  |TAMS 0x00000000e0600000| PB 0x00000000e0600000| Untracked |  0
|   7|0x00000000e0700000, 0x00000000e0700000, 0x00000000e0800000|  0%| F|  |TAMS 0x00000000e0700000| PB 0x00000000e0700000| Untracked |  0
|   8|0x00000000e0800000, 0x00000000e0800000, 0x00000000e0900000|  0%| F|  |TAMS 0x00000000e0800000| PB 0x00000000e0800000| Untracked |  0
|   9|0x00000000e0900000, 0x00000000e0900000, 0x00000000e0a00000|  0%| F|  |TAMS 0x00000000e0900000| PB 0x00000000e0900000| Untracked |  0
|  10|0x00000000e0a00000, 0x00000000e0a00000, 0x00000000e0b00000|  0%| F|  |TAMS 0x00000000e0a00000| PB 0x00000000e0a00000| Untracked |  0
|  11|0x00000000e0b00000, 0x00000000e0b00000, 0x00000000e0c00000|  0%| F|  |TAMS 0x00000000e0b00000| PB 0x00000000e0b00000| Untracked |  0
|  12|0x00000000e0c00000, 0x00000000e0c00000, 0x00000000e0d00000|  0%| F|  |TAMS 0x00000000e0c00000| PB 0x00000000e0c00000| Untracked |  0
|  13|0x00000000e0d00000, 0x00000000e0d00000, 0x00000000e0e00000|  0%| F|  |TAMS 0x00000000e0d00000| PB 0x00000000e0d00000| Untracked |  0
|  14|0x00000000e0e00000, 0x00000000e0e00000, 0x00000000e0f00000|  0%| F|  |TAMS 0x00000000e0e00000| PB 0x00000000e0e00000| Untracked |  0
|  15|0x00000000e0f00000, 0x00000000e0f00000, 0x00000000e1000000|  0%| F|  |TAMS 0x00000000e0f00000| PB 0x00000000e0f00000| Untracked |  0
|  16|0x00000000e1000000, 0x00000000e1000000, 0x00000000e1100000|  0%| F|  |TAMS 0x00000000e1000000| PB 0x00000000e1000000| Untracked |  0
|  17|0x00000000e1100000, 0x00000000e1100000, 0x00000000e1200000|  0%| F|  |TAMS 0x00000000e1100000| PB 0x00000000e1100000| Untracked |  0
|  18|0x00000000e1200000, 0x00000000e1200000, 0x00000000e1300000|  0%| F|  |TAMS 0x00000000e1200000| PB 0x00000000e1200000| Untracked |  0
|  19|0x00000000e1300000, 0x00000000e1300000, 0x00000000e1400000|  0%| F|  |TAMS 0x00000000e1300000| PB 0x00000000e1300000| Untracked |  0
|  20|0x00000000e1400000, 0x00000000e1400000, 0x00000000e1500000|  0%| F|  |TAMS 0x00000000e1400000| PB 0x00000000e1400000| Untracked |  0
|  21|0x00000000e1500000, 0x00000000e1500000, 0x00000000e1600000|  0%| F|  |TAMS 0x00000000e1500000| PB 0x00000000e1500000| Untracked |  0
|  22|0x00000000e1600000, 0x00000000e1600000, 0x00000000e1700000|  0%| F|  |TAMS 0x00000000e1600000| PB 0x00000000e1600000| Untracked |  0
|  23|0x00000000e1700000, 0x00000000e1700000, 0x00000000e1800000|  0%| F|  |TAMS 0x00000000e1700000| PB 0x00000000e1700000| Untracked |  0
|  24|0x00000000e1800000, 0x00000000e1800000, 0x00000000e1900000|  0%| F|  |TAMS 0x00000000e1800000| PB 0x00000000e1800000| Untracked |  0
|  25|0x00000000e1900000, 0x00000000e1900000, 0x00000000e1a00000|  0%| F|  |TAMS 0x00000000e1900000| PB 0x00000000e1900000| Untracked |  0
|  26|0x00000000e1a00000, 0x00000000e1a00000, 0x00000000e1b00000|  0%| F|  |TAMS 0x00000000e1a00000| PB 0x00000000e1a00000| Untracked |  0
|  27|0x00000000e1b00000, 0x00000000e1b00000, 0x00000000e1c00000|  0%| F|  |TAMS 0x00000000e1b00000| PB 0x00000000e1b00000| Untracked |  0
|  28|0x00000000e1c00000, 0x00000000e1c00000, 0x00000000e1d00000|  0%| F|  |TAMS 0x00000000e1c00000| PB 0x00000000e1c00000| Untracked |  0
|  29|0x00000000e1d00000, 0x00000000e1d00000, 0x00000000e1e00000|  0%| F|  |TAMS 0x00000000e1d00000| PB 0x00000000e1d00000| Untracked |  0
|  30|0x00000000e1e00000, 0x00000000e1e00000, 0x00000000e1f00000|  0%| F|  |TAMS 0x00000000e1e00000| PB 0x00000000e1e00000| Untracked |  0
|  31|0x00000000e1f00000, 0x00000000e1f00000, 0x00000000e2000000|  0%| F|  |TAMS 0x00000000e1f00000| PB 0x00000000e1f00000| Untracked |  0
|  32|0x00000000e2000000, 0x00000000e2000000, 0x00000000e2100000|  0%| F|  |TAMS 0x00000000e2000000| PB 0x00000000e2000000| Untracked |  0
|  33|0x00000000e2100000, 0x00000000e2100000, 0x00000000e2200000|  0%| F|  |TAMS 0x00000000e2100000| PB 0x00000000e2100000| Untracked |  0
|  34|0x00000000e2200000, 0x00000000e2200000, 0x00000000e2300000|  0%| F|  |TAMS 0x00000000e2200000| PB 0x00000000e2200000| Untracked |  0
|  35|0x00000000e2300000, 0x00000000e2300000, 0x00000000e2400000|  0%| F|  |TAMS 0x00000000e2300000| PB 0x00000000e2300000| Untracked |  0
|  36|0x00000000e2400000, 0x00000000e2400000, 0x00000000e2500000|  0%| F|  |TAMS 0x00000000e2400000| PB 0x00000000e2400000| Untracked |  0
|  37|0x00000000e2500000, 0x00000000e2500000, 0x00000000e2600000|  0%| F|  |TAMS 0x00000000e2500000| PB 0x00000000e2500000| Untracked |  0
|  38|0x00000000e2600000, 0x00000000e2600000, 0x00000000e2700000|  0%| F|  |TAMS 0x00000000e2600000| PB 0x00000000e2600000| Untracked |  0
|  39|0x00000000e2700000, 0x00000000e2700000, 0x00000000e2800000|  0%| F|  |TAMS 0x00000000e2700000| PB 0x00000000e2700000| Untracked |  0
|  40|0x00000000e2800000, 0x00000000e2800000, 0x00000000e2900000|  0%| F|  |TAMS 0x00000000e2800000| PB 0x00000000e2800000| Untracked |  0
|  41|0x00000000e2900000, 0x00000000e2900000, 0x00000000e2a00000|  0%| F|  |TAMS 0x00000000e2900000| PB 0x00000000e2900000| Untracked |  0
|  42|0x00000000e2a00000, 0x00000000e2a00000, 0x00000000e2b00000|  0%| F|  |TAMS 0x00000000e2a00000| PB 0x00000000e2a00000| Untracked |  0
|  43|0x00000000e2b00000, 0x00000000e2b00000, 0x00000000e2c00000|  0%| F|  |TAMS 0x00000000e2b00000| PB 0x00000000e2b00000| Untracked |  0
|  44|0x00000000e2c00000, 0x00000000e2c00000, 0x00000000e2d00000|  0%| F|  |TAMS 0x00000000e2c00000| PB 0x00000000e2c00000| Untracked |  0
|  45|0x00000000e2d00000, 0x00000000e2d00000, 0x00000000e2e00000|  0%| F|  |TAMS 0x00000000e2d00000| PB 0x00000000e2d00000| Untracked |  0
|  46|0x00000000e2e00000, 0x00000000e2e00000, 0x00000000e2f00000|  0%| F|  |TAMS 0x00000000e2e00000| PB 0x00000000e2e00000| Untracked |  0
|  47|0x00000000e2f00000, 0x00000000e2f00000, 0x00000000e3000000|  0%| F|  |TAMS 0x00000000e2f00000| PB 0x00000000e2f00000| Untracked |  0
|  48|0x00000000e3000000, 0x00000000e3000000, 0x00000000e3100000|  0%| F|  |TAMS 0x00000000e3000000| PB 0x00000000e3000000| Untracked |  0
|  49|0x00000000e3100000, 0x00000000e3100000, 0x00000000e3200000|  0%| F|  |TAMS 0x00000000e3100000| PB 0x00000000e3100000| Untracked |  0
|  50|0x00000000e3200000, 0x00000000e3200000, 0x00000000e3300000|  0%| F|  |TAMS 0x00000000e3200000| PB 0x00000000e3200000| Untracked |  0
|  51|0x00000000e3300000, 0x00000000e3300000, 0x00000000e3400000|  0%| F|  |TAMS 0x00000000e3300000| PB 0x00000000e3300000| Untracked |  0
|  52|0x00000000e3400000, 0x00000000e3400000, 0x00000000e3500000|  0%| F|  |TAMS 0x00000000e3400000| PB 0x00000000e3400000| Untracked |  0
|  53|0x00000000e3500000, 0x00000000e3500000, 0x00000000e3600000|  0%| F|  |TAMS 0x00000000e3500000| PB 0x00000000e3500000| Untracked |  0
|  54|0x00000000e3600000, 0x00000000e3600000, 0x00000000e3700000|  0%| F|  |TAMS 0x00000000e3600000| PB 0x00000000e3600000| Untracked |  0
|  55|0x00000000e3700000, 0x00000000e3700000, 0x00000000e3800000|  0%| F|  |TAMS 0x00000000e3700000| PB 0x00000000e3700000| Untracked |  0
|  56|0x00000000e3800000, 0x00000000e3800000, 0x00000000e3900000|  0%| F|  |TAMS 0x00000000e3800000| PB 0x00000000e3800000| Untracked |  0
|  57|0x00000000e3900000, 0x00000000e3900000, 0x00000000e3a00000|  0%| F|  |TAMS 0x00000000e3900000| PB 0x00000000e3900000| Untracked |  0
|  58|0x00000000e3a00000, 0x00000000e3a00000, 0x00000000e3b00000|  0%| F|  |TAMS 0x00000000e3a00000| PB 0x00000000e3a00000| Untracked |  0
|  59|0x00000000e3b00000, 0x00000000e3b00000, 0x00000000e3c00000|  0%| F|  |TAMS 0x00000000e3b00000| PB 0x00000000e3b00000| Untracked |  0
|  60|0x00000000e3c00000, 0x00000000e3c00000, 0x00000000e3d00000|  0%| F|  |TAMS 0x00000000e3c00000| PB 0x00000000e3c00000| Untracked |  0
|  61|0x00000000e3d00000, 0x00000000e3d00000, 0x00000000e3e00000|  0%| F|  |TAMS 0x00000000e3d00000| PB 0x00000000e3d00000| Untracked |  0
|  62|0x00000000e3e00000, 0x00000000e3e00000, 0x00000000e3f00000|  0%| F|  |TAMS 0x00000000e3e00000| PB 0x00000000e3e00000| Untracked |  0
|  63|0x00000000e3f00000, 0x00000000e3f00000, 0x00000000e4000000|  0%| F|  |TAMS 0x00000000e3f00000| PB 0x00000000e3f00000| Untracked |  0
|  64|0x00000000e4000000, 0x00000000e4000000, 0x00000000e4100000|  0%| F|  |TAMS 0x00000000e4000000| PB 0x00000000e4000000| Untracked |  0
|  65|0x00000000e4100000, 0x00000000e4100000, 0x00000000e4200000|  0%| F|  |TAMS 0x00000000e4100000| PB 0x00000000e4100000| Untracked |  0
|  66|0x00000000e4200000, 0x00000000e4200000, 0x00000000e4300000|  0%| F|  |TAMS 0x00000000e4200000| PB 0x00000000e4200000| Untracked |  0
|  67|0x00000000e4300000, 0x00000000e4300000, 0x00000000e4400000|  0%| F|  |TAMS 0x00000000e4300000| PB 0x00000000e4300000| Untracked |  0
|  68|0x00000000e4400000, 0x00000000e4400000, 0x00000000e4500000|  0%| F|  |TAMS 0x00000000e4400000| PB 0x00000000e4400000| Untracked |  0
|  69|0x00000000e4500000, 0x00000000e4500000, 0x00000000e4600000|  0%| F|  |TAMS 0x00000000e4500000| PB 0x00000000e4500000| Untracked |  0
|  70|0x00000000e4600000, 0x00000000e4600000, 0x00000000e4700000|  0%| F|  |TAMS 0x00000000e4600000| PB 0x00000000e4600000| Untracked |  0
|  71|0x00000000e4700000, 0x00000000e4700000, 0x00000000e4800000|  0%| F|  |TAMS 0x00000000e4700000| PB 0x00000000e4700000| Untracked |  0
|  72|0x00000000e4800000, 0x00000000e4800000, 0x00000000e4900000|  0%| F|  |TAMS 0x00000000e4800000| PB 0x00000000e4800000| Untracked |  0
|  73|0x00000000e4900000, 0x00000000e4900000, 0x00000000e4a00000|  0%| F|  |TAMS 0x00000000e4900000| PB 0x00000000e4900000| Untracked |  0
|  74|0x00000000e4a00000, 0x00000000e4a00000, 0x00000000e4b00000|  0%| F|  |TAMS 0x00000000e4a00000| PB 0x00000000e4a00000| Untracked |  0
|  75|0x00000000e4b00000, 0x00000000e4b00000, 0x00000000e4c00000|  0%| F|  |TAMS 0x00000000e4b00000| PB 0x00000000e4b00000| Untracked |  0
|  76|0x00000000e4c00000, 0x00000000e4c00000, 0x00000000e4d00000|  0%| F|  |TAMS 0x00000000e4c00000| PB 0x00000000e4c00000| Untracked |  0
|  77|0x00000000e4d00000, 0x00000000e4d00000, 0x00000000e4e00000|  0%| F|  |TAMS 0x00000000e4d00000| PB 0x00000000e4d00000| Untracked |  0
|  78|0x00000000e4e00000, 0x00000000e4e00000, 0x00000000e4f00000|  0%| F|  |TAMS 0x00000000e4e00000| PB 0x00000000e4e00000| Untracked |  0
|  79|0x00000000e4f00000, 0x00000000e4f00000, 0x00000000e5000000|  0%| F|  |TAMS 0x00000000e4f00000| PB 0x00000000e4f00000| Untracked |  0
|  80|0x00000000e5000000, 0x00000000e5000000, 0x00000000e5100000|  0%| F|  |TAMS 0x00000000e5000000| PB 0x00000000e5000000| Untracked |  0
|  81|0x00000000e5100000, 0x00000000e5100000, 0x00000000e5200000|  0%| F|  |TAMS 0x00000000e5100000| PB 0x00000000e5100000| Untracked |  0
|  82|0x00000000e5200000, 0x00000000e5200000, 0x00000000e5300000|  0%| F|  |TAMS 0x00000000e5200000| PB 0x00000000e5200000| Untracked |  0
|  83|0x00000000e5300000, 0x00000000e5300000, 0x00000000e5400000|  0%| F|  |TAMS 0x00000000e5300000| PB 0x00000000e5300000| Untracked |  0
|  84|0x00000000e5400000, 0x00000000e5400000, 0x00000000e5500000|  0%| F|  |TAMS 0x00000000e5400000| PB 0x00000000e5400000| Untracked |  0
|  85|0x00000000e5500000, 0x00000000e5500000, 0x00000000e5600000|  0%| F|  |TAMS 0x00000000e5500000| PB 0x00000000e5500000| Untracked |  0
|  86|0x00000000e5600000, 0x00000000e5600000, 0x00000000e5700000|  0%| F|  |TAMS 0x00000000e5600000| PB 0x00000000e5600000| Untracked |  0
|  87|0x00000000e5700000, 0x00000000e5700000, 0x00000000e5800000|  0%| F|  |TAMS 0x00000000e5700000| PB 0x00000000e5700000| Untracked |  0
|  88|0x00000000e5800000, 0x00000000e5800000, 0x00000000e5900000|  0%| F|  |TAMS 0x00000000e5800000| PB 0x00000000e5800000| Untracked |  0
|  89|0x00000000e5900000, 0x00000000e5900000, 0x00000000e5a00000|  0%| F|  |TAMS 0x00000000e5900000| PB 0x00000000e5900000| Untracked |  0
|  90|0x00000000e5a00000, 0x00000000e5a00000, 0x00000000e5b00000|  0%| F|  |TAMS 0x00000000e5a00000| PB 0x00000000e5a00000| Untracked |  0
|  91|0x00000000e5b00000, 0x00000000e5b00000, 0x00000000e5c00000|  0%| F|  |TAMS 0x00000000e5b00000| PB 0x00000000e5b00000| Untracked |  0
|  92|0x00000000e5c00000, 0x00000000e5c00000, 0x00000000e5d00000|  0%| F|  |TAMS 0x00000000e5c00000| PB 0x00000000e5c00000| Untracked |  0
|  93|0x00000000e5d00000, 0x00000000e5d00000, 0x00000000e5e00000|  0%| F|  |TAMS 0x00000000e5d00000| PB 0x00000000e5d00000| Untracked |  0
|  94|0x00000000e5e00000, 0x00000000e5e00000, 0x00000000e5f00000|  0%| F|  |TAMS 0x00000000e5e00000| PB 0x00000000e5e00000| Untracked |  0
|  95|0x00000000e5f00000, 0x00000000e5f00000, 0x00000000e6000000|  0%| F|  |TAMS 0x00000000e5f00000| PB 0x00000000e5f00000| Untracked |  0
|  96|0x00000000e6000000, 0x00000000e6000000, 0x00000000e6100000|  0%| F|  |TAMS 0x00000000e6000000| PB 0x00000000e6000000| Untracked |  0
|  97|0x00000000e6100000, 0x00000000e6100000, 0x00000000e6200000|  0%| F|  |TAMS 0x00000000e6100000| PB 0x00000000e6100000| Untracked |  0
|  98|0x00000000e6200000, 0x00000000e6200000, 0x00000000e6300000|  0%| F|  |TAMS 0x00000000e6200000| PB 0x00000000e6200000| Untracked |  0
|  99|0x00000000e6300000, 0x00000000e6300000, 0x00000000e6400000|  0%| F|  |TAMS 0x00000000e6300000| PB 0x00000000e6300000| Untracked |  0
| 100|0x00000000e6400000, 0x00000000e6400000, 0x00000000e6500000|  0%| F|  |TAMS 0x00000000e6400000| PB 0x00000000e6400000| Untracked |  0
| 101|0x00000000e6500000, 0x00000000e6500000, 0x00000000e6600000|  0%| F|  |TAMS 0x00000000e6500000| PB 0x00000000e6500000| Untracked |  0
| 102|0x00000000e6600000, 0x00000000e6600000, 0x00000000e6700000|  0%| F|  |TAMS 0x00000000e6600000| PB 0x00000000e6600000| Untracked |  0
| 103|0x00000000e6700000, 0x00000000e6700000, 0x00000000e6800000|  0%| F|  |TAMS 0x00000000e6700000| PB 0x00000000e6700000| Untracked |  0
| 104|0x00000000e6800000, 0x00000000e6800000, 0x00000000e6900000|  0%| F|  |TAMS 0x00000000e6800000| PB 0x00000000e6800000| Untracked |  0
| 105|0x00000000e6900000, 0x00000000e6900000, 0x00000000e6a00000|  0%| F|  |TAMS 0x00000000e6900000| PB 0x00000000e6900000| Untracked |  0
| 106|0x00000000e6a00000, 0x00000000e6a00000, 0x00000000e6b00000|  0%| F|  |TAMS 0x00000000e6a00000| PB 0x00000000e6a00000| Untracked |  0
| 107|0x00000000e6b00000, 0x00000000e6b00000, 0x00000000e6c00000|  0%| F|  |TAMS 0x00000000e6b00000| PB 0x00000000e6b00000| Untracked |  0
| 108|0x00000000e6c00000, 0x00000000e6c00000, 0x00000000e6d00000|  0%| F|  |TAMS 0x00000000e6c00000| PB 0x00000000e6c00000| Untracked |  0
| 109|0x00000000e6d00000, 0x00000000e6d00000, 0x00000000e6e00000|  0%| F|  |TAMS 0x00000000e6d00000| PB 0x00000000e6d00000| Untracked |  0
| 110|0x00000000e6e00000, 0x00000000e6e00000, 0x00000000e6f00000|  0%| F|  |TAMS 0x00000000e6e00000| PB 0x00000000e6e00000| Untracked |  0
| 111|0x00000000e6f00000, 0x00000000e6f00000, 0x00000000e7000000|  0%| F|  |TAMS 0x00000000e6f00000| PB 0x00000000e6f00000| Untracked |  0
| 112|0x00000000e7000000, 0x00000000e7000000, 0x00000000e7100000|  0%| F|  |TAMS 0x00000000e7000000| PB 0x00000000e7000000| Untracked |  0
| 113|0x00000000e7100000, 0x00000000e7100000, 0x00000000e7200000|  0%| F|  |TAMS 0x00000000e7100000| PB 0x00000000e7100000| Untracked |  0
| 114|0x00000000e7200000, 0x00000000e7200000, 0x00000000e7300000|  0%| F|  |TAMS 0x00000000e7200000| PB 0x00000000e7200000| Untracked |  0
| 115|0x00000000e7300000, 0x00000000e7300000, 0x00000000e7400000|  0%| F|  |TAMS 0x00000000e7300000| PB 0x00000000e7300000| Untracked |  0
| 116|0x00000000e7400000, 0x00000000e7400000, 0x00000000e7500000|  0%| F|  |TAMS 0x00000000e7400000| PB 0x00000000e7400000| Untracked |  0
| 117|0x00000000e7500000, 0x00000000e7500000, 0x00000000e7600000|  0%| F|  |TAMS 0x00000000e7500000| PB 0x00000000e7500000| Untracked |  0
| 118|0x00000000e7600000, 0x00000000e7600000, 0x00000000e7700000|  0%| F|  |TAMS 0x00000000e7600000| PB 0x00000000e7600000| Untracked |  0
| 119|0x00000000e7700000, 0x00000000e7700000, 0x00000000e7800000|  0%| F|  |TAMS 0x00000000e7700000| PB 0x00000000e7700000| Untracked |  0
| 120|0x00000000e7800000, 0x00000000e7800000, 0x00000000e7900000|  0%| F|  |TAMS 0x00000000e7800000| PB 0x00000000e7800000| Untracked |  0
| 121|0x00000000e7900000, 0x00000000e7900000, 0x00000000e7a00000|  0%| F|  |TAMS 0x00000000e7900000| PB 0x00000000e7900000| Untracked |  0
| 122|0x00000000e7a00000, 0x00000000e7a00000, 0x00000000e7b00000|  0%| F|  |TAMS 0x00000000e7a00000| PB 0x00000000e7a00000| Untracked |  0
| 123|0x00000000e7b00000, 0x00000000e7b00000, 0x00000000e7c00000|  0%| F|  |TAMS 0x00000000e7b00000| PB 0x00000000e7b00000| Untracked |  0
| 124|0x00000000e7c00000, 0x00000000e7c00000, 0x00000000e7d00000|  0%| F|  |TAMS 0x00000000e7c00000| PB 0x00000000e7c00000| Untracked |  0
| 125|0x00000000e7d00000, 0x00000000e7d00000, 0x00000000e7e00000|  0%| F|  |TAMS 0x00000000e7d00000| PB 0x00000000e7d00000| Untracked |  0
| 126|0x00000000e7e00000, 0x00000000e7e00000, 0x00000000e7f00000|  0%| F|  |TAMS 0x00000000e7e00000| PB 0x00000000e7e00000| Untracked |  0
| 127|0x00000000e7f00000, 0x00000000e7f00000, 0x00000000e8000000|  0%| F|  |TAMS 0x00000000e7f00000| PB 0x00000000e7f00000| Untracked |  0
| 128|0x00000000e8000000, 0x00000000e8000000, 0x00000000e8100000|  0%| F|  |TAMS 0x00000000e8000000| PB 0x00000000e8000000| Untracked |  0
| 129|0x00000000e8100000, 0x00000000e8100000, 0x00000000e8200000|  0%| F|  |TAMS 0x00000000e8100000| PB 0x00000000e8100000| Untracked |  0
| 130|0x00000000e8200000, 0x00000000e8200000, 0x00000000e8300000|  0%| F|  |TAMS 0x00000000e8200000| PB 0x00000000e8200000| Untracked |  0
| 131|0x00000000e8300000, 0x00000000e8300000, 0x00000000e8400000|  0%| F|  |TAMS 0x00000000e8300000| PB 0x00000000e8300000| Untracked |  0
| 132|0x00000000e8400000, 0x00000000e8400000, 0x00000000e8500000|  0%| F|  |TAMS 0x00000000e8400000| PB 0x00000000e8400000| Untracked |  0
| 133|0x00000000e8500000, 0x00000000e8500000, 0x00000000e8600000|  0%| F|  |TAMS 0x00000000e8500000| PB 0x00000000e8500000| Untracked |  0
| 134|0x00000000e8600000, 0x00000000e8600000, 0x00000000e8700000|  0%| F|  |TAMS 0x00000000e8600000| PB 0x00000000e8600000| Untracked |  0
| 135|0x00000000e8700000, 0x00000000e8700000, 0x00000000e8800000|  0%| F|  |TAMS 0x00000000e8700000| PB 0x00000000e8700000| Untracked |  0
| 136|0x00000000e8800000, 0x00000000e8800000, 0x00000000e8900000|  0%| F|  |TAMS 0x00000000e8800000| PB 0x00000000e8800000| Untracked |  0
| 137|0x00000000e8900000, 0x00000000e8900000, 0x00000000e8a00000|  0%| F|  |TAMS 0x00000000e8900000| PB 0x00000000e8900000| Untracked |  0
| 138|0x00000000e8a00000, 0x00000000e8a00000, 0x00000000e8b00000|  0%| F|  |TAMS 0x00000000e8a00000| PB 0x00000000e8a00000| Untracked |  0
| 139|0x00000000e8b00000, 0x00000000e8b00000, 0x00000000e8c00000|  0%| F|  |TAMS 0x00000000e8b00000| PB 0x00000000e8b00000| Untracked |  0
| 140|0x00000000e8c00000, 0x00000000e8c00000, 0x00000000e8d00000|  0%| F|  |TAMS 0x00000000e8c00000| PB 0x00000000e8c00000| Untracked |  0
| 141|0x00000000e8d00000, 0x00000000e8d00000, 0x00000000e8e00000|  0%| F|  |TAMS 0x00000000e8d00000| PB 0x00000000e8d00000| Untracked |  0
| 142|0x00000000e8e00000, 0x00000000e8e00000, 0x00000000e8f00000|  0%| F|  |TAMS 0x00000000e8e00000| PB 0x00000000e8e00000| Untracked |  0
| 143|0x00000000e8f00000, 0x00000000e8f00000, 0x00000000e9000000|  0%| F|  |TAMS 0x00000000e8f00000| PB 0x00000000e8f00000| Untracked |  0
| 144|0x00000000e9000000, 0x00000000e9000000, 0x00000000e9100000|  0%| F|  |TAMS 0x00000000e9000000| PB 0x00000000e9000000| Untracked |  0
| 145|0x00000000e9100000, 0x00000000e9100000, 0x00000000e9200000|  0%| F|  |TAMS 0x00000000e9100000| PB 0x00000000e9100000| Untracked |  0
| 146|0x00000000e9200000, 0x00000000e9200000, 0x00000000e9300000|  0%| F|  |TAMS 0x00000000e9200000| PB 0x00000000e9200000| Untracked |  0
| 147|0x00000000e9300000, 0x00000000e9300000, 0x00000000e9400000|  0%| F|  |TAMS 0x00000000e9300000| PB 0x00000000e9300000| Untracked |  0
| 148|0x00000000e9400000, 0x00000000e9500000, 0x00000000e9500000|100%| E|  |TAMS 0x00000000e9400000| PB 0x00000000e9400000| Complete |  0
| 149|0x00000000e9500000, 0x00000000e9600000, 0x00000000e9600000|100%| E|CS|TAMS 0x00000000e9500000| PB 0x00000000e9500000| Complete |  0
| 150|0x00000000e9600000, 0x00000000e9700000, 0x00000000e9700000|100%| E|CS|TAMS 0x00000000e9600000| PB 0x00000000e9600000| Complete |  0
| 151|0x00000000e9700000, 0x00000000e9800000, 0x00000000e9800000|100%| E|CS|TAMS 0x00000000e9700000| PB 0x00000000e9700000| Complete |  0
| 152|0x00000000e9800000, 0x00000000e9900000, 0x00000000e9900000|100%| E|CS|TAMS 0x00000000e9800000| PB 0x00000000e9800000| Complete |  0
| 153|0x00000000e9900000, 0x00000000e9a00000, 0x00000000e9a00000|100%| E|CS|TAMS 0x00000000e9900000| PB 0x00000000e9900000| Complete |  0
| 154|0x00000000e9a00000, 0x00000000e9b00000, 0x00000000e9b00000|100%| E|CS|TAMS 0x00000000e9a00000| PB 0x00000000e9a00000| Complete |  0
| 155|0x00000000e9b00000, 0x00000000e9c00000, 0x00000000e9c00000|100%| E|CS|TAMS 0x00000000e9b00000| PB 0x00000000e9b00000| Complete |  0
| 156|0x00000000e9c00000, 0x00000000e9d00000, 0x00000000e9d00000|100%| E|CS|TAMS 0x00000000e9c00000| PB 0x00000000e9c00000| Complete |  0
| 157|0x00000000e9d00000, 0x00000000e9e00000, 0x00000000e9e00000|100%| E|CS|TAMS 0x00000000e9d00000| PB 0x00000000e9d00000| Complete |  0
| 158|0x00000000e9e00000, 0x00000000e9f00000, 0x00000000e9f00000|100%| E|CS|TAMS 0x00000000e9e00000| PB 0x00000000e9e00000| Complete |  0
| 159|0x00000000e9f00000, 0x00000000ea000000, 0x00000000ea000000|100%| E|CS|TAMS 0x00000000e9f00000| PB 0x00000000e9f00000| Complete |  0
| 160|0x00000000ea000000, 0x00000000ea100000, 0x00000000ea100000|100%| E|CS|TAMS 0x00000000ea000000| PB 0x00000000ea000000| Complete |  0
| 161|0x00000000ea100000, 0x00000000ea200000, 0x00000000ea200000|100%| E|CS|TAMS 0x00000000ea100000| PB 0x00000000ea100000| Complete |  0
| 162|0x00000000ea200000, 0x00000000ea300000, 0x00000000ea300000|100%| E|CS|TAMS 0x00000000ea200000| PB 0x00000000ea200000| Complete |  0
| 163|0x00000000ea300000, 0x00000000ea400000, 0x00000000ea400000|100%| E|CS|TAMS 0x00000000ea300000| PB 0x00000000ea300000| Complete |  0
| 164|0x00000000ea400000, 0x00000000ea500000, 0x00000000ea500000|100%| E|CS|TAMS 0x00000000ea400000| PB 0x00000000ea400000| Complete |  0
| 165|0x00000000ea500000, 0x00000000ea600000, 0x00000000ea600000|100%| E|CS|TAMS 0x00000000ea500000| PB 0x00000000ea500000| Complete |  0
| 166|0x00000000ea600000, 0x00000000ea700000, 0x00000000ea700000|100%| E|CS|TAMS 0x00000000ea600000| PB 0x00000000ea600000| Complete |  0
| 167|0x00000000ea700000, 0x00000000ea800000, 0x00000000ea800000|100%| E|CS|TAMS 0x00000000ea700000| PB 0x00000000ea700000| Complete |  0
| 168|0x00000000ea800000, 0x00000000ea900000, 0x00000000ea900000|100%| E|CS|TAMS 0x00000000ea800000| PB 0x00000000ea800000| Complete |  0
| 169|0x00000000ea900000, 0x00000000eaa00000, 0x00000000eaa00000|100%| E|CS|TAMS 0x00000000ea900000| PB 0x00000000ea900000| Complete |  0
| 170|0x00000000eaa00000, 0x00000000eab00000, 0x00000000eab00000|100%| E|CS|TAMS 0x00000000eaa00000| PB 0x00000000eaa00000| Complete |  0
| 171|0x00000000eab00000, 0x00000000eac00000, 0x00000000eac00000|100%| E|CS|TAMS 0x00000000eab00000| PB 0x00000000eab00000| Complete |  0
| 172|0x00000000eac00000, 0x00000000ead00000, 0x00000000ead00000|100%| E|CS|TAMS 0x00000000eac00000| PB 0x00000000eac00000| Complete |  0
| 173|0x00000000ead00000, 0x00000000eae00000, 0x00000000eae00000|100%| E|CS|TAMS 0x00000000ead00000| PB 0x00000000ead00000| Complete |  0
| 174|0x00000000eae00000, 0x00000000eaf00000, 0x00000000eaf00000|100%| E|CS|TAMS 0x00000000eae00000| PB 0x00000000eae00000| Complete |  0
| 175|0x00000000eaf00000, 0x00000000eb000000, 0x00000000eb000000|100%| E|CS|TAMS 0x00000000eaf00000| PB 0x00000000eaf00000| Complete |  0
| 176|0x00000000eb000000, 0x00000000eb100000, 0x00000000eb100000|100%| E|CS|TAMS 0x00000000eb000000| PB 0x00000000eb000000| Complete |  0
| 177|0x00000000eb100000, 0x00000000eb200000, 0x00000000eb200000|100%| E|CS|TAMS 0x00000000eb100000| PB 0x00000000eb100000| Complete |  0
| 178|0x00000000eb200000, 0x00000000eb300000, 0x00000000eb300000|100%| E|CS|TAMS 0x00000000eb200000| PB 0x00000000eb200000| Complete |  0
| 179|0x00000000eb300000, 0x00000000eb400000, 0x00000000eb400000|100%| E|CS|TAMS 0x00000000eb300000| PB 0x00000000eb300000| Complete |  0
| 180|0x00000000eb400000, 0x00000000eb500000, 0x00000000eb500000|100%| E|CS|TAMS 0x00000000eb400000| PB 0x00000000eb400000| Complete |  0
| 181|0x00000000eb500000, 0x00000000eb600000, 0x00000000eb600000|100%| E|CS|TAMS 0x00000000eb500000| PB 0x00000000eb500000| Complete |  0
| 510|0x00000000ffe00000, 0x00000000fff00000, 0x00000000fff00000|100%| O|  |TAMS 0x00000000ffe00000| PB 0x00000000ffe00000| Untracked |  0
| 511|0x00000000fff00000, 0x00000000fff257b8, 0x0000000100000000| 14%| O|  |TAMS 0x00000000fff00000| PB 0x00000000fff00000| Untracked |  0

Card table byte_map: [0x000001c3789f0000,0x000001c378af0000] _byte_map_base: 0x000001c3782f0000

Marking Bits: (CMBitMap*) 0x000001c36fb487c0
 Bits: [0x000001c378af0000, 0x000001c3792f0000)

Polling page: 0x000001c36db40000

Metaspace:
Metaspace        used 6354K, committed 6592K, reserved 1114112K
 class space     used 778K, committed 896K, reserved 1048576K

Usage:
  Non-class:      5.45 MB used.
      Class:    778.16 KB used.
       Both:      6.21 MB used.

Virtual space:
  Non-class space:       64.00 MB reserved,       5.56 MB (  9%) committed,  1 nodes.
      Class space:        1.00 GB reserved,     896.00 KB ( <1%) committed,  1 nodes.
             Both:        1.06 GB reserved,       6.44 MB ( <1%) committed. 

Chunk freelists:
   Non-Class:  8.61 MB
       Class:  15.16 MB
        Both:  23.77 MB

MaxMetaspaceSize: unlimited
CompressedClassSpaceSize: 1.00 GB
Initial GC threshold: 21.00 MB
Current GC threshold: 21.00 MB
CDS: on
 - commit_granule_bytes: 65536.
 - commit_granule_words: 8192.
 - virtual_space_node_default_size: 8388608.
 - enlarge_chunks_in_place: 1.
UseCompressedClassPointers 1, UseCompactObjectHeaders 0
Narrow klass pointer bits 32, Max shift 3
Narrow klass base: 0x000000002a000000, Narrow klass shift: 0
Encoding Range: [0x000000002a000000 - 0x000000012a000000), (4294967296 bytes)
Klass Range:    [0x000000002a010000 - 0x000000006b000000), (1090453504 bytes)
Klass ID Range:  [65536 - 1090519033) (1090453497)
Protection zone: [0x000000002a000000 - 0x000000002a010000), (65536 bytes)


Internal statistics:

num_allocs_failed_limit: 0.
num_arena_births: 54.
num_arena_deaths: 0.
num_vsnodes_births: 2.
num_vsnodes_deaths: 0.
num_space_committed: 103.
num_space_uncommitted: 0.
num_chunks_returned_to_freelist: 0.
num_chunks_taken_from_freelist: 249.
num_chunk_merges: 0.
num_chunk_splits: 159.
num_chunks_enlarged: 133.
num_inconsistent_stats: 0.

CodeHeap 'non-profiled nmethods': size=120064Kb used=514Kb max_used=514Kb free=119550Kb
 bounds [0x000001c307ac0000, 0x000001c307d30000, 0x000001c30f000000]
CodeHeap 'profiled nmethods': size=120000Kb used=2157Kb max_used=2157Kb free=117842Kb
 bounds [0x000001c300000000, 0x000001c300270000, 0x000001c307530000]
CodeHeap 'non-nmethods': size=5696Kb used=1354Kb max_used=1371Kb free=4341Kb
 bounds [0x000001c307530000, 0x000001c3077a0000, 0x000001c307ac0000]
CodeCache: size=245760Kb, used=4025Kb, max_used=4042Kb, free=241733Kb
 total_blobs=1985, nmethods=1511, adapters=375, full_count=0
Compilation: enabled, stopped_count=0, restarted_count=0

Compilation events (20 events):
Event: 1.099 Thread 0x000001c37bee96b0 1452       3       com.google.inject.internal.MoreTypes::isFullySpecified (48 bytes)
Event: 1.100 Thread 0x000001c37bee96b0 nmethod 1452 0x000001c300204408 code [0x000001c300204500, 0x000001c300204cf8]
Event: 1.104 Thread 0x000001c37bee96b0 1453       3       com.google.inject.internal.MoreTypes::canonicalizeForKey (103 bytes)
Event: 1.105 Thread 0x000001c37bee96b0 nmethod 1453 0x000001c300204d08 code [0x000001c300204e00, 0x000001c3002060c0]
Event: 1.105 Thread 0x000001c37bee96b0 1454       3       com.google.common.collect.RegularImmutableMap::get (13 bytes)
Event: 1.105 Thread 0x000001c37bee96b0 nmethod 1454 0x000001c300206108 code [0x000001c300206200, 0x000001c300206340]
Event: 1.105 Thread 0x000001c37bee96b0 1455       3       com.google.inject.Key::computeHashCode (19 bytes)
Event: 1.105 Thread 0x000001c37bee96b0 nmethod 1455 0x000001c300206408 code [0x000001c300206500, 0x000001c300206780]
Event: 1.109 Thread 0x000001c37bee96b0 1456       1       java.lang.reflect.Method::getAnnotationBytes (5 bytes)
Event: 1.109 Thread 0x000001c37bee96b0 nmethod 1456 0x000001c307b3a188 code [0x000001c307b3a280, 0x000001c307b3a348]
Event: 1.112 Thread 0x000001c313d10290 nmethod 1451 0x000001c307b3a488 code [0x000001c307b3a580, 0x000001c307b3b900]
Event: 1.112 Thread 0x000001c37bee96b0 1457       3       com.google.inject.internal.BindingImpl::<init> (30 bytes)
Event: 1.113 Thread 0x000001c37bee96b0 nmethod 1457 0x000001c300206808 code [0x000001c300206900, 0x000001c300206bd8]
Event: 1.113 Thread 0x000001c37bee96b0 1458       3       java.util.stream.Sink$ChainedReference::<init> (16 bytes)
Event: 1.113 Thread 0x000001c37bee96b0 nmethod 1458 0x000001c300206c08 code [0x000001c300206d00, 0x000001c3002070f0]
Event: 1.116 Thread 0x000001c313d10290 1459       4       java.lang.CharacterDataLatin1::equalsIgnoreCase (63 bytes)
Event: 1.116 Thread 0x000001c313d10290 nmethod 1459 0x000001c307b3b908 code [0x000001c307b3ba00, 0x000001c307b3baa8]
Event: 1.117 Thread 0x000001c37bee96b0 1460       3       org.objectweb.asm.ClassReader::readInt (52 bytes)
Event: 1.117 Thread 0x000001c37bee96b0 nmethod 1460 0x000001c300207108 code [0x000001c300207200, 0x000001c3002073d0]
Event: 1.120 Thread 0x000001c37bee96b0 1462       1       jdk.internal.loader.AbstractClassLoaderValue$Sub::parent (5 bytes)

GC Heap Usage History (0 events):
No events

Metaspace Usage History (0 events):
No events

Dll operation events (7 events):
Event: 0.015 Loaded shared library C:\Program Files\Java\jdk-25.0.2\bin\java.dll
Event: 0.063 Loaded shared library C:\Program Files\Java\jdk-25.0.2\bin\net.dll
Event: 0.066 Loaded shared library C:\Program Files\Java\jdk-25.0.2\bin\nio.dll
Event: 0.072 Loaded shared library C:\Program Files\Java\jdk-25.0.2\bin\zip.dll
Event: 0.278 Loaded shared library C:\Program Files\Java\jdk-25.0.2\bin\jimage.dll
Event: 0.279 Loaded shared library C:\Users\bradl\.m2\wrapper\dists\apache-maven-3.9.16\0daed3be3ebd1c706f0e69e8b07c6b73f5cc4ea3dfce72a8d0ec2e849ca2ddb0\lib\jansi-native\Windows\x86_64\jansi.dll
Event: 0.298 Loaded shared library C:\Program Files\Java\jdk-25.0.2\bin\verify.dll

Deoptimization events (20 events):
Event: 1.001 Thread 0x000001c36d63ada0 Uncommon trap: trap_request=0xffffffde fr.pc=0x000001c307b1f20c relative=0x000000000000010c
Event: 1.001 Thread 0x000001c36d63ada0 Uncommon trap: reason=class_check action=maybe_recompile pc=0x000001c307b1f20c method=java.nio.Buffer.<init>(IIIILjava/lang/foreign/MemorySegment;)V @ 39 c2
Event: 1.001 Thread 0x000001c36d63ada0 DEOPT PACKING pc=0x000001c307b1f20c sp=0x00000096963fde80
Event: 1.001 Thread 0x000001c36d63ada0 DEOPT UNPACKING pc=0x000001c30764f502 sp=0x00000096963fde38 mode 2
Event: 1.001 Thread 0x000001c36d63ada0 Uncommon trap: trap_request=0xffffff45 fr.pc=0x000001c307b25fc8 relative=0x0000000000002348
Event: 1.001 Thread 0x000001c36d63ada0 Uncommon trap: reason=unstable_if action=reinterpret pc=0x000001c307b25fc8 method=java.nio.charset.CharsetDecoder.decode(Ljava/nio/ByteBuffer;Ljava/nio/CharBuffer;Z)Ljava/nio/charset/CoderResult; @ 15 c2
Event: 1.001 Thread 0x000001c36d63ada0 DEOPT PACKING pc=0x000001c307b25fc8 sp=0x00000096963fdfe0
Event: 1.001 Thread 0x000001c36d63ada0 DEOPT UNPACKING pc=0x000001c30764f502 sp=0x00000096963fdda0 mode 2
Event: 1.003 Thread 0x000001c36d63ada0 Uncommon trap: trap_request=0xffffffde fr.pc=0x000001c307b1f20c relative=0x000000000000010c
Event: 1.003 Thread 0x000001c36d63ada0 Uncommon trap: reason=class_check action=maybe_recompile pc=0x000001c307b1f20c method=java.nio.Buffer.<init>(IIIILjava/lang/foreign/MemorySegment;)V @ 39 c2
Event: 1.003 Thread 0x000001c36d63ada0 DEOPT PACKING pc=0x000001c307b1f20c sp=0x00000096963fde80
Event: 1.003 Thread 0x000001c36d63ada0 DEOPT UNPACKING pc=0x000001c30764f502 sp=0x00000096963fde38 mode 2
Event: 1.006 Thread 0x000001c36d63ada0 Uncommon trap: trap_request=0xffffffde fr.pc=0x000001c307b1f20c relative=0x000000000000010c
Event: 1.006 Thread 0x000001c36d63ada0 Uncommon trap: reason=class_check action=maybe_recompile pc=0x000001c307b1f20c method=java.nio.Buffer.<init>(IIIILjava/lang/foreign/MemorySegment;)V @ 39 c2
Event: 1.006 Thread 0x000001c36d63ada0 DEOPT PACKING pc=0x000001c307b1f20c sp=0x00000096963fdd90
Event: 1.006 Thread 0x000001c36d63ada0 DEOPT UNPACKING pc=0x000001c30764f502 sp=0x00000096963fdd48 mode 2
Event: 1.090 Thread 0x000001c36d63ada0 Uncommon trap: trap_request=0xffffffde fr.pc=0x000001c307b1804c relative=0x00000000000005cc
Event: 1.091 Thread 0x000001c36d63ada0 Uncommon trap: reason=class_check action=maybe_recompile pc=0x000001c307b1804c method=java.util.HashMap.putVal(ILjava/lang/Object;Ljava/lang/Object;ZZ)Ljava/lang/Object; @ 91 c2
Event: 1.091 Thread 0x000001c36d63ada0 DEOPT PACKING pc=0x000001c307b1804c sp=0x00000096963fdac0
Event: 1.091 Thread 0x000001c36d63ada0 DEOPT UNPACKING pc=0x000001c30764f502 sp=0x00000096963fda20 mode 2

Classes loaded (20 events):
Event: 0.868 Loading class java/lang/reflect/ParameterizedType
Event: 0.868 Loading class java/lang/reflect/ParameterizedType done
Event: 0.871 Loading class java/lang/reflect/WildcardType
Event: 0.871 Loading class java/lang/reflect/WildcardType done
Event: 0.875 Loading class sun/reflect/generics/tree/TypeVariableSignature
Event: 0.875 Loading class sun/reflect/generics/tree/TypeVariableSignature done
Event: 0.891 Loading class java/lang/annotation/IncompleteAnnotationException
Event: 0.891 Loading class java/lang/annotation/IncompleteAnnotationException done
Event: 0.933 Loading class java/lang/foreign/MemorySegment
Event: 0.934 Loading class java/lang/foreign/MemorySegment done
Event: 1.004 Loading class sun/reflect/generics/reflectiveObjects/TypeVariableImpl
Event: 1.004 Loading class sun/reflect/generics/reflectiveObjects/LazyReflectiveObjectGenerator
Event: 1.004 Loading class sun/reflect/generics/reflectiveObjects/LazyReflectiveObjectGenerator done
Event: 1.004 Loading class sun/reflect/generics/reflectiveObjects/TypeVariableImpl done
Event: 1.004 Loading class sun/reflect/generics/reflectiveObjects/ParameterizedTypeImpl
Event: 1.004 Loading class sun/reflect/generics/reflectiveObjects/ParameterizedTypeImpl done
Event: 1.043 Loading class jdk/internal/foreign/MemorySessionImpl
Event: 1.044 Loading class java/lang/foreign/MemorySegment$Scope
Event: 1.044 Loading class java/lang/foreign/MemorySegment$Scope done
Event: 1.044 Loading class jdk/internal/foreign/MemorySessionImpl done

Classes unloaded (0 events):
No events

Classes redefined (0 events):
No events

Internal exceptions (20 events):
Event: 0.282 Thread 0x000001c36d63ada0 Exception <a 'java/lang/NullPointerException'{0x00000000eaf04130}> (0x00000000eaf04130) 
thrown [s\open\src\hotspot\share\interpreter\linkResolver.cpp, line 1416]
Event: 0.282 Thread 0x000001c36d63ada0 Exception <a 'java/lang/NullPointerException'{0x00000000eaf04410}> (0x00000000eaf04410) 
thrown [s\open\src\hotspot\share\interpreter\linkResolver.cpp, line 1416]
Event: 0.284 Thread 0x000001c36d63ada0 Exception <a 'java/lang/NullPointerException'{0x00000000eaf0b1f0}> (0x00000000eaf0b1f0) 
thrown [s\open\src\hotspot\share\interpreter\linkResolver.cpp, line 1416]
Event: 0.287 Thread 0x000001c36d63ada0 Exception <a 'java/lang/NullPointerException'{0x00000000eaf1e330}> (0x00000000eaf1e330) 
thrown [s\open\src\hotspot\share\interpreter\linkResolver.cpp, line 1416]
Event: 0.287 Thread 0x000001c36d63ada0 Exception <a 'java/lang/NullPointerException'{0x00000000eaf1e610}> (0x00000000eaf1e610) 
thrown [s\open\src\hotspot\share\interpreter\linkResolver.cpp, line 1416]
Event: 0.287 Thread 0x000001c36d63ada0 Exception <a 'java/lang/NullPointerException'{0x00000000eaf1e8f0}> (0x00000000eaf1e8f0) 
thrown [s\open\src\hotspot\share\interpreter\linkResolver.cpp, line 1416]
Event: 0.287 Thread 0x000001c36d63ada0 Exception <a 'java/lang/NullPointerException'{0x00000000eaf1ebd0}> (0x00000000eaf1ebd0) 
thrown [s\open\src\hotspot\share\interpreter\linkResolver.cpp, line 1416]
Event: 0.312 Thread 0x000001c36d63ada0 Exception <a 'java/lang/NoSuchMethodError'{0x00000000eaf868f0}: 'void java.lang.invoke.DirectMethodHandle$Holder.invokeVirtual(java.lang.Object, java.lang.Object)'> (0x00000000eaf868f0) 
thrown [s\open\src\hotspot\share\interpreter\linkResolver.cpp, line 804]
Event: 0.315 Thread 0x000001c36d63ada0 Exception <a 'java/lang/NoSuchMethodError'{0x00000000eafa9208}: 'void java.lang.invoke.DirectMethodHandle$Holder.invokeStatic(java.lang.Object, java.lang.Object)'> (0x00000000eafa9208) 
thrown [s\open\src\hotspot\share\interpreter\linkResolver.cpp, line 804]
Event: 0.316 Thread 0x000001c36d63ada0 Exception <a 'java/lang/NoSuchMethodError'{0x00000000eafb0fb0}: 'void java.lang.invoke.DirectMethodHandle$Holder.invokeStaticInit(java.lang.Object, java.lang.Object)'> (0x00000000eafb0fb0) 
thrown [s\open\src\hotspot\share\interpreter\linkResolver.cpp, line 804]
Event: 0.323 Thread 0x000001c36d63ada0 Exception <a 'java/lang/NoSuchMethodError'{0x00000000eafe5820}: 'void java.lang.invoke.DirectMethodHandle$Holder.invokeSpecial(java.lang.Object, java.lang.Object, java.lang.Object, java.lang.Object, java.lang.Object)'> (0x00000000eafe5820) 
thrown [s\open\src\hotspot\share\interpreter\linkResolver.cpp, line 804]
Event: 0.340 Thread 0x000001c36d63ada0 Exception <a 'java/lang/NoSuchMethodError'{0x00000000eae344b0}: 'void java.lang.invoke.DirectMethodHandle$Holder.invokeStatic(java.lang.Object, java.lang.Object, java.lang.Object)'> (0x00000000eae344b0) 
thrown [s\open\src\hotspot\share\interpreter\linkResolver.cpp, line 804]
Event: 0.423 Thread 0x000001c36d63ada0 Exception <a 'java/lang/NoSuchMethodError'{0x00000000eadf5298}: 'java.lang.Object java.lang.invoke.DirectMethodHandle$Holder.invokeSpecialIFC(java.lang.Object, java.lang.Object, java.lang.Object, java.lang.Object)'> (0x00000000eadf5298) 
thrown [s\open\src\hotspot\share\interpreter\linkResolver.cpp, line 804]
Event: 0.674 Thread 0x000001c36d63ada0 Exception <a 'java/lang/NoSuchMethodError'{0x00000000ea611e68}: 'void java.lang.invoke.DirectMethodHandle$Holder.invokeSpecial(java.lang.Object, java.lang.Object, java.lang.Object)'> (0x00000000ea611e68) 
thrown [s\open\src\hotspot\share\interpreter\linkResolver.cpp, line 804]
Event: 0.729 Thread 0x000001c36d63ada0 Exception <a 'java/lang/NoSuchMethodError'{0x00000000ea564078}: 'java.lang.Object java.lang.invoke.DirectMethodHandle$Holder.invokeInterface(java.lang.Object, java.lang.Object)'> (0x00000000ea564078) 
thrown [s\open\src\hotspot\share\interpreter\linkResolver.cpp, line 804]
Event: 0.758 Thread 0x000001c36d63ada0 Exception <a 'java/lang/NoSuchMethodError'{0x00000000ea42fd00}: 'int java.lang.invoke.DirectMethodHandle$Holder.invokeStatic(java.lang.Object, java.lang.Object, java.lang.Object, java.lang.Object)'> (0x00000000ea42fd00) 
thrown [s\open\src\hotspot\share\interpreter\linkResolver.cpp, line 804]
Event: 0.766 Thread 0x000001c36d63ada0 Exception <a 'java/lang/NoSuchMethodError'{0x00000000ea4598d8}: 'int java.lang.invoke.DirectMethodHandle$Holder.invokeSpecialIFC(java.lang.Object, java.lang.Object, java.lang.Object, java.lang.Object, java.lang.Object)'> (0x00000000ea4598d8) 
thrown [s\open\src\hotspot\share\interpreter\linkResolver.cpp, line 804]
Event: 0.846 Thread 0x000001c36d63ada0 Exception <a 'java/lang/NoSuchMethodError'{0x00000000ea27bd70}: 'java.lang.Object java.lang.invoke.DirectMethodHandle$Holder.newInvokeSpecial(java.lang.Object, java.lang.Object, java.lang.Object, java.lang.Object, java.lang.Object)'> (0x00000000ea27bd70) 
thrown [s\open\src\hotspot\share\interpreter\linkResolver.cpp, line 804]
Event: 0.883 Thread 0x000001c36d63ada0 Exception <a 'java/lang/NoSuchMethodError'{0x00000000ea1bc890}: 'int java.lang.invoke.DirectMethodHandle$Holder.invokeStaticInit(java.lang.Object, java.lang.Object)'> (0x00000000ea1bc890) 
thrown [s\open\src\hotspot\share\interpreter\linkResolver.cpp, line 804]
Event: 0.891 Thread 0x000001c36d63ada0 Exception <a 'java/lang/NoClassDefFoundError'{0x00000000ea1fdf90}: javax/enterprise/inject/Typed> (0x00000000ea1fdf90) 
thrown [s\open\src\hotspot\share\classfile\systemDictionary.cpp, line 316]

VM Operations (6 events):
Event: 0.073 Executing non-safepoint VM operation: HandshakeAllThreads (Deoptimize)
Event: 0.073 Executing non-safepoint VM operation: HandshakeAllThreads (Deoptimize) done
Event: 0.267 Executing non-safepoint VM operation: HandshakeAllThreads (Deoptimize)
Event: 0.267 Executing non-safepoint VM operation: HandshakeAllThreads (Deoptimize) done
Event: 0.288 Executing non-safepoint VM operation: HandshakeAllThreads (Deoptimize)
Event: 0.288 Executing non-safepoint VM operation: HandshakeAllThreads (Deoptimize) done

Memory protections (0 events):
No events

Nmethod flushes (0 events):
No events

Events (15 events):
Event: 0.032 Thread 0x000001c36d63ada0 Thread added: 0x000001c36d63ada0
Event: 0.045 Thread 0x000001c36d63ada0 Thread added: 0x000001c37becb670
Event: 0.045 Thread 0x000001c36d63ada0 Thread added: 0x000001c37beccc40
Event: 0.046 Thread 0x000001c36d63ada0 Thread added: 0x000001c37bed0650
Event: 0.046 Thread 0x000001c36d63ada0 Thread added: 0x000001c37bed26a0
Event: 0.046 Thread 0x000001c36d63ada0 Thread added: 0x000001c37bed3dd0
Event: 0.046 Thread 0x000001c36d63ada0 Thread added: 0x000001c37bed9510
Event: 0.046 Thread 0x000001c36d63ada0 Thread added: 0x000001c37bedff00
Event: 0.046 Thread 0x000001c36d63ada0 Thread added: 0x000001c37bee96b0
Event: 0.057 Thread 0x000001c36d63ada0 Thread added: 0x000001c3130b0cb0
Event: 0.060 Thread 0x000001c36d63ada0 Thread added: 0x000001c3130bbae0
Event: 0.198 Thread 0x000001c37bee96b0 Thread added: 0x000001c3137290f0
Event: 0.273 Thread 0x000001c36d63ada0 Thread added: 0x000001c3136dde70
Event: 0.293 Thread 0x000001c3136dde70 Thread exited: 0x000001c3136dde70
Event: 0.921 Thread 0x000001c37bee96b0 Thread added: 0x000001c313d10290


Dynamic libraries:
0x00007ff7c48c0000 - 0x00007ff7c48d0000 	C:\Program Files\Java\jdk-25.0.2\bin\java.exe
0x00007ffcf3180000 - 0x00007ffcf33e8000 	C:\WINDOWS\SYSTEM32\ntdll.dll
0x00007ffcf2010000 - 0x00007ffcf20d9000 	C:\WINDOWS\System32\KERNEL32.DLL
0x00007ffcefc60000 - 0x00007ffcf0051000 	C:\WINDOWS\System32\KERNELBASE.dll
0x00007ffcefa60000 - 0x00007ffcefbab000 	C:\WINDOWS\System32\ucrtbase.dll
0x00007ffcd13a0000 - 0x00007ffcd13b7000 	C:\Program Files\Java\jdk-25.0.2\bin\jli.dll
0x00007ffcdfb80000 - 0x00007ffcdfb9e000 	C:\Program Files\Java\jdk-25.0.2\bin\VCRUNTIME140.dll
0x00007ffcf2cb0000 - 0x00007ffcf2e76000 	C:\WINDOWS\System32\USER32.dll
0x00007ffcdf2f0000 - 0x00007ffcdf583000 	C:\WINDOWS\WinSxS\amd64_microsoft.windows.common-controls_6595b64144ccf1df_6.0.26100.7824_none_3e0870b2e3345462\COMCTL32.dll
0x00007ffcefa30000 - 0x00007ffcefa57000 	C:\WINDOWS\System32\win32u.dll
0x00007ffcf2fa0000 - 0x00007ffcf3049000 	C:\WINDOWS\System32\msvcrt.dll
0x00007ffcf2100000 - 0x00007ffcf212b000 	C:\WINDOWS\System32\GDI32.dll
0x00007ffcf0dc0000 - 0x00007ffcf0eeb000 	C:\WINDOWS\System32\gdi32full.dll
0x00007ffcf0d10000 - 0x00007ffcf0db3000 	C:\WINDOWS\System32\msvcp_win.dll
0x00007ffcf2c70000 - 0x00007ffcf2ca1000 	C:\WINDOWS\System32\IMM32.DLL
0x00007ffce0390000 - 0x00007ffce039c000 	C:\Program Files\Java\jdk-25.0.2\bin\vcruntime140_1.dll
0x00007ffc7bad0000 - 0x00007ffc7bb5d000 	C:\Program Files\Java\jdk-25.0.2\bin\msvcp140.dll
0x00007ffc57ef0000 - 0x00007ffc58d4f000 	C:\Program Files\Java\jdk-25.0.2\bin\server\jvm.dll
0x00007ffcf3050000 - 0x00007ffcf3104000 	C:\WINDOWS\System32\ADVAPI32.dll
0x00007ffcf1cf0000 - 0x00007ffcf1d96000 	C:\WINDOWS\System32\sechost.dll
0x00007ffcf2e80000 - 0x00007ffcf2f98000 	C:\WINDOWS\System32\RPCRT4.dll
0x00007ffcf0f30000 - 0x00007ffcf0fa4000 	C:\WINDOWS\System32\WS2_32.dll
0x00007ffcef890000 - 0x00007ffcef8ee000 	C:\WINDOWS\SYSTEM32\POWRPROF.dll
0x00007ffce87a0000 - 0x00007ffce87ab000 	C:\WINDOWS\SYSTEM32\VERSION.dll
0x00007ffce8760000 - 0x00007ffce8795000 	C:\WINDOWS\SYSTEM32\WINMM.dll
0x00007ffcef870000 - 0x00007ffcef884000 	C:\WINDOWS\SYSTEM32\UMPDC.dll
0x00007ffcee7d0000 - 0x00007ffcee7eb000 	C:\WINDOWS\SYSTEM32\kernel.appcore.dll
0x00007ffce0330000 - 0x00007ffce033a000 	C:\Program Files\Java\jdk-25.0.2\bin\jimage.dll
0x00007ffce40d0000 - 0x00007ffce4312000 	C:\WINDOWS\SYSTEM32\DBGHELP.DLL
0x00007ffcf2230000 - 0x00007ffcf25b6000 	C:\WINDOWS\System32\combase.dll
0x00007ffcf2b90000 - 0x00007ffcf2c67000 	C:\WINDOWS\System32\OLEAUT32.dll
0x00007ffcda500000 - 0x00007ffcda53b000 	C:\WINDOWS\SYSTEM32\dbgcore.DLL
0x00007ffcefbb0000 - 0x00007ffcefc55000 	C:\WINDOWS\System32\bcryptPrimitives.dll
0x00007ffcd1380000 - 0x00007ffcd139f000 	C:\Program Files\Java\jdk-25.0.2\bin\java.dll
0x00007ffcf26f0000 - 0x00007ffcf2887000 	C:\WINDOWS\System32\ole32.dll
0x00007ffcf1100000 - 0x00007ffcf1852000 	C:\WINDOWS\System32\SHELL32.dll
0x00007ffcf0060000 - 0x00007ffcf01ca000 	C:\WINDOWS\System32\wintypes.dll
0x00007ffcf01d0000 - 0x00007ffcf0a33000 	C:\WINDOWS\System32\windows.storage.dll
0x00007ffcf0fb0000 - 0x00007ffcf10a6000 	C:\WINDOWS\System32\SHCORE.dll
0x00007ffcf2920000 - 0x00007ffcf2987000 	C:\WINDOWS\System32\shlwapi.dll
0x00007ffcef950000 - 0x00007ffcef979000 	C:\WINDOWS\SYSTEM32\profapi.dll
0x00007ffcd1360000 - 0x00007ffcd1372000 	C:\Program Files\Java\jdk-25.0.2\bin\net.dll
0x00007ffceed40000 - 0x00007ffceedab000 	C:\WINDOWS\system32\mswsock.dll
0x00007ffccffa0000 - 0x00007ffccffb6000 	C:\Program Files\Java\jdk-25.0.2\bin\nio.dll
0x00007ffccff80000 - 0x00007ffccff97000 	C:\Program Files\Java\jdk-25.0.2\bin\zip.dll
0x00007ffcc6770000 - 0x00007ffcc6794000 	C:\Users\bradl\.m2\wrapper\dists\apache-maven-3.9.16\0daed3be3ebd1c706f0e69e8b07c6b73f5cc4ea3dfce72a8d0ec2e849ca2ddb0\lib\jansi-native\Windows\x86_64\jansi.dll
0x00007ffcdfb00000 - 0x00007ffcdfb10000 	C:\Program Files\Java\jdk-25.0.2\bin\verify.dll

JVMTI agents: none

dbghelp: loaded successfully - version: 4.0.5 - missing functions: none
symbol engine: initialized successfully - sym options: 0x614 - pdb path: .;C:\Program Files\Java\jdk-25.0.2\bin;C:\WINDOWS\SYSTEM32;C:\WINDOWS\WinSxS\amd64_microsoft.windows.common-controls_6595b64144ccf1df_6.0.26100.7824_none_3e0870b2e3345462;C:\Program Files\Java\jdk-25.0.2\bin\server;C:\Users\bradl\.m2\wrapper\dists\apache-maven-3.9.16\0daed3be3ebd1c706f0e69e8b07c6b73f5cc4ea3dfce72a8d0ec2e849ca2ddb0\lib\jansi-native\Windows\x86_64

VM Arguments:
jvm_args: --enable-native-access=ALL-UNNAMED -Xmx512m -Dclassworlds.conf=C:\Users\bradl\.m2\wrapper\dists\apache-maven-3.9.16\0daed3be3ebd1c706f0e69e8b07c6b73f5cc4ea3dfce72a8d0ec2e849ca2ddb0\bin\m2.conf -Dmaven.home=C:\Users\bradl\.m2\wrapper\dists\apache-maven-3.9.16\0daed3be3ebd1c706f0e69e8b07c6b73f5cc4ea3dfce72a8d0ec2e849ca2ddb0 -Dlibrary.jansi.path=C:\Users\bradl\.m2\wrapper\dists\apache-maven-3.9.16\0daed3be3ebd1c706f0e69e8b07c6b73f5cc4ea3dfce72a8d0ec2e849ca2ddb0\lib\jansi-native -Dmaven.multiModuleProjectDirectory=C:\laragon\www\spring-mbiya-nkuadi-betsaleel 
java_command: org.codehaus.plexus.classworlds.launcher.Launcher test -DforkCount=0 -Dtest=ApplicationIntegrationTest -q
java_class_path (initial): C:\Users\bradl\.m2\wrapper\dists\apache-maven-3.9.16\0daed3be3ebd1c706f0e69e8b07c6b73f5cc4ea3dfce72a8d0ec2e849ca2ddb0\boot\plexus-classworlds-2.11.0.jar
Launcher Type: SUN_STANDARD

[Global flags]
     intx CICompilerCount                          = 4                                         {product} {ergonomic}
     uint ConcGCThreads                            = 3                                         {product} {ergonomic}
     uint G1ConcRefinementThreads                  = 10                                        {product} {ergonomic}
   size_t G1HeapRegionSize                         = 1048576                                   {product} {ergonomic}
   size_t InitialHeapSize                          = 190840832                                 {product} {ergonomic}
   size_t MarkStackSize                            = 4194304                                   {product} {ergonomic}
   size_t MarkStackSizeMax                         = 536870912                                 {product} {ergonomic}
   size_t MaxHeapSize                              = 536870912                                 {product} {command line}
   size_t MaxNewSize                               = 321912832                                 {product} {ergonomic}
   size_t MinHeapDeltaBytes                        = 1048576                                   {product} {ergonomic}
   size_t MinHeapSize                              = 8388608                                   {product} {ergonomic}
    uintx NonNMethodCodeHeapSize                   = 5832704                                {pd product} {ergonomic}
    uintx NonProfiledCodeHeapSize                  = 122945536                              {pd product} {ergonomic}
    uintx ProfiledCodeHeapSize                     = 122880000                              {pd product} {ergonomic}
    uintx ReservedCodeCacheSize                    = 251658240                              {pd product} {ergonomic}
     bool SegmentedCodeCache                       = true                                      {product} {ergonomic}
   size_t SoftMaxHeapSize                          = 536870912                              {manageable} {ergonomic}
     bool UseCompressedOops                        = true                           {product lp64_product} {ergonomic}
     bool UseG1GC                                  = true                                      {product} {ergonomic}
     bool UseLargePagesIndividualAllocation        = false                                  {pd product} {ergonomic}

Logging:
Log output configuration:
 #0: stdout all=warning uptime,level,tags foldmultilines=false
 #1: stderr all=off uptime,level,tags foldmultilines=false

Release file:
IMPLEMENTOR="Oracle Corporation" 
JAVA_RUNTIME_VERSION="25.0.2+10-LTS-69" 
JAVA_VERSION="25.0.2" 
JAVA_VERSION_DATE="2026-01-20" 
LIBC="default" 
MODULES="java.base java.compiler java.datatransfer java.xml java.prefs java.desktop java.instrument java.logging java.management java.security.sasl java.naming java.rmi java.management.rmi java.net.http java.scripting java.security.jgss java.transaction.xa java.sql java.sql.rowset java.xml.crypto java.se java.smartcardio jdk.accessibility jdk.internal.jvmstat jdk.attach jdk.charsets jdk.internal.opt jdk.zipfs jdk.compiler jdk.crypto.cryptoki jdk.crypto.ec jdk.crypto.mscapi jdk.dynalink jdk.internal.ed jdk.editpad jdk.internal.vm.ci jdk.graal.compiler jdk.graal.compiler.management jdk.hotspot.agent jdk.httpserver jdk.incubator.vector jdk.internal.le jdk.internal.md jdk.jartool jdk.javadoc jdk.jcmd jdk.management jdk.management.agent jdk.jconsole jdk.jdeps jdk.jdwp.agent jdk.jdi jdk.jfr jdk.jlink jdk.jpackage jdk.jshell jdk.jsobject jdk.jstatd jdk.localedata jdk.management.jfr jdk.naming.dns jdk.naming.rmi jdk.net jdk.nio.mapmode jdk.sctp jdk.security.auth jdk.security.jgss jdk.unsupported jdk.unsupported.desktop jdk.xml.dom" 
OS_ARCH="x86_64" 
OS_NAME="Windows" 
SOURCE=".:git:b75efb40c93a open:git:405a5699ebd0" 

Environment Variables:
PATH=c:\Users\bradl\AppData\Local\Programs\cursor\resources\app\node_modules\@vscode\ripgrep\bin;C:\Program Files\Common Files\Oracle\Java\javapath;C:\Program Files (x86)\Common Files\Oracle\Java\java8path;C:\Program Files (x86)\Common Files\Oracle\Java\javapath;C:\WINDOWS\system32;C:\WINDOWS;C:\WINDOWS\System32\Wbem;C:\WINDOWS\System32\WindowsPowerShell\v1.0\;C:\WINDOWS\System32\OpenSSH\;C:\Program Files\Git\cmd;C:\Program Files\nodejs\;C:\ProgramData\ComposerSetup\bin;C:\Program Files (x86)\cloudflared\;C:\Program Files\GitHub CLI\;C:\Users\bradl\.config\herd-lite\bin;C:\Users\bradl\scoop\shims;C:\Users\bradl\AppData\Local\Programs\Python\Python313\Scripts\;C:\Users\bradl\AppData\Local\Programs\Python\Python313\;C:\Users\bradl\AppData\Local\Programs\Python\Launcher\;C:\Users\bradl\AppData\Local\Microsoft\WindowsApps;C:\Users\bradl\AppData\Local\Programs\Microsoft VS Code\bin;C:\Users\bradl\AppData\Local\Programs\cursor\resources\app\bin;C:\Users\bradl\AppData\Local\GitHubDesktop\bin;C:\Users\bradl\AppData\Local\Microsoft\WindowsApps;C:\mingw64\bin;C:\Users\bradl\AppData\Local\Microsoft\WinGet\Packages\DenoLand.Deno_Microsoft.Winget.Source_8wekyb3d8bbwe;C:\Users\bradl\AppData\Local\Microsoft\WinGet\Packages\yt-dlp.FFmpeg_Microsoft.Winget.Source_8wekyb3d8bbwe\ffmpeg-N-122319-gf6a95c7eb7-win64-gpl/bin;C:\Users\bradl\AppData\Local\Microsoft\WinGet\Packages\yt-dlp.yt-dlp_Microsoft.Winget.Source_8wekyb3d8bbwe;C:\Users\bradl\AppData\Local\Pandoc\;C:\Users\bradl\AppData\Roaming\npm;C:\Users\bradl\AppData\Roaming\Composer\vendor\bin;C:\Users\bradl\AppData\Local\Microsoft\WinGet\Packages\Ngrok.Ngrok_Microsoft.Winget.Source_8wekyb3d8bbwe;C:\Users\bradl\AppData\Local\Microsoft\WinGet\Packages\SQLite.SQLite_Microsoft.Winget.Source_8wekyb3d8bbwe;C:\laragon\bin\php\php-8-4-14;C:\laragon\bin\php\php-8.1.10-Win32-vs16-x64
USERNAME=bradl
TERM=dumb
OS=Windows_NT
PROCESSOR_IDENTIFIER=AMD64 Family 23 Model 104 Stepping 1, AuthenticAMD
TMP=C:\Users\bradl\AppData\Local\Temp
TEMP=C:\Users\bradl\AppData\Local\Temp




Compilation memory statistics disabled.

Periodic native trim disabled

---------------  S Y S T E M  ---------------

OS:
 Windows 11 , 64 bit Build 26100 (10.0.26100.7705)
OS uptime: 1 days 14:36 hours
Hyper-V role detected

CPU: total 12 (initial active 12) (12 cores per cpu, 2 threads per core) family 23 model 104 stepping 1 microcode 0x8608102, cx8, cmov, fxsr, ht, mmx, 3dnowpref, sse, sse2, sse3, ssse3, sse4a, sse4.1, sse4.2, popcnt, lzcnt, tsc, tscinvbit, avx, avx2, aes, clmul, bmi1, bmi2, adx, sha, fma, vzeroupper, clflush, clflushopt, clwb, hv, rdtscp, rdpid, f16c
Processor Information for processor 0
  Max Mhz: 2100, Current Mhz: 1988, Mhz Limit: 2100
Processor Information for processor 1
  Max Mhz: 2100, Current Mhz: 2100, Mhz Limit: 2100
Processor Information for processor 2
  Max Mhz: 2100, Current Mhz: 1988, Mhz Limit: 2100
Processor Information for processor 3
  Max Mhz: 2100, Current Mhz: 2100, Mhz Limit: 2100
Processor Information for processor 4
  Max Mhz: 2100, Current Mhz: 2100, Mhz Limit: 2100
Processor Information for processor 5
  Max Mhz: 2100, Current Mhz: 2100, Mhz Limit: 2100
Processor Information for processor 6
  Max Mhz: 2100, Current Mhz: 2100, Mhz Limit: 2100
Processor Information for processor 7
  Max Mhz: 2100, Current Mhz: 2100, Mhz Limit: 2100
Processor Information for processor 8
  Max Mhz: 2100, Current Mhz: 2100, Mhz Limit: 2100
Processor Information for processor 9
  Max Mhz: 2100, Current Mhz: 1988, Mhz Limit: 2100
Processor Information for processor 10
  Max Mhz: 2100, Current Mhz: 2100, Mhz Limit: 2100
Processor Information for processor 11
  Max Mhz: 2100, Current Mhz: 2100, Mhz Limit: 2100

Memory: 4k page, system-wide physical 11626M (1017M free)
TotalPageFile size 41988M (AvailPageFile size 15M)
current process WorkingSet (physical memory assigned to process): 102M, peak: 102M
current process commit charge ("private bytes"): 297M, peak: 301M

vm_info: Java HotSpot(TM) 64-Bit Server VM (25.0.2+10-LTS-69) for windows-amd64 JRE (25.0.2+10-LTS-69), built on 2025-12-18T11:36:35Z with MS VC++ 17.13 (VS2022)

END.
