#
# There is insufficient memory for the Java Runtime Environment to continue.
# Native memory allocation (malloc) failed to allocate 1048576 bytes. Error detail: AllocateHeap
# Possible reasons:
#   The system is out of physical RAM or swap space
#   This process is running with CompressedOops enabled, and the Java Heap may be blocking the growth of the native heap
# Possible solutions:
#   Reduce memory load on the system
#   Increase physical memory or swap space
#   Check if swap backing store is full
#   Decrease Java heap size (-Xmx/-Xms)
#   Decrease number of Java threads
#   Decrease Java thread stack sizes (-Xss)
#   Set larger code cache with -XX:ReservedCodeCacheSize=
#   JVM is running with Zero Based Compressed Oops mode in which the Java heap is
#     placed in the first 32GB address space. The Java Heap base address is the
#     maximum limit for the native heap growth. Please use -XX:HeapBaseMinAddress
#     to set the Java Heap base and to place the Java Heap above 32GB virtual address.
# This output file may be truncated or incomplete.
#
#  Out of Memory Error (allocation.cpp:42), pid=9304, tid=8920
#
# JRE version:  (25.0.2+10) (build )
# Java VM: Java HotSpot(TM) 64-Bit Server VM (25.0.2+10-LTS-69, mixed mode, sharing, tiered, compressed oops, compressed class ptrs, g1 gc, windows-amd64)
# No core dump will be written. Minidumps are not enabled by default on client versions of Windows
#

---------------  S U M M A R Y ------------

Command Line: -Dnet.bytebuddy.agent.attacher.dump= net.bytebuddy.agent.Attacher com.sun.tools.attach.VirtualMachine 12860 C:\Users\bradl\.m2\repository\net\bytebuddy\byte-buddy-agent\1.17.8\byte-buddy-agent-1.17.8.jar false 

Host: AMD Ryzen 5 5500U with Radeon Graphics         , 12 cores, 11G,  Windows 11 , 64 bit Build 26100 (10.0.26100.7705)
Time: Wed Jul  8 11:33:40 2026 Afr. centrale Ouest elapsed time: 1.028077 seconds (0d 0h 0m 1s)

---------------  T H R E A D  ---------------

Current thread (0x0000023ed524e1a0):  JavaThread "Unknown thread" [_thread_in_vm, id=8920, stack(0x000000f269e00000,0x000000f269f00000) (1024K)]

Stack: [0x000000f269e00000,0x000000f269f00000]
Native frames: (J=compiled Java code, j=interpreted, Vv=VM code, C=native code)
V  [jvm.dll+0x7a70f9]  (no source info available)
V  [jvm.dll+0x772d6d]  (no source info available)
V  [jvm.dll+0x965d53]  (no source info available)
V  [jvm.dll+0x968351]  (no source info available)
V  [jvm.dll+0x968a63]  (no source info available)
V  [jvm.dll+0x2fc846]  (no source info available)
V  [jvm.dll+0xf7487]  (no source info available)
V  [jvm.dll+0x3ca754]  (no source info available)
V  [jvm.dll+0x3c0da2]  (no source info available)
V  [jvm.dll+0x92cdf7]  (no source info available)
V  [jvm.dll+0x458f02]  (no source info available)
V  [jvm.dll+0x9107a2]  (no source info available)
V  [jvm.dll+0x4f9331]  (no source info available)
V  [jvm.dll+0x4fabc1]  (no source info available)
C  [jli.dll+0x543e]  (no source info available)
C  [ucrtbase.dll+0x37b0]  (no source info available)
C  [KERNEL32.DLL+0x2e8d7]  (no source info available)
C  [ntdll.dll+0x8c40c]  (no source info available)

Lock stack of current Java thread (top to bottom):


---------------  P R O C E S S  ---------------

Threads class SMR info:
_java_thread_list=0x00007ffc58be5388, length=0, elements={
}

Java Threads: ( => current thread )
Total: 0

Other Threads:
  0x0000023ed763b770 WorkerThread "GC Thread#0"                     [id=40936, stack(0x000000f269f00000,0x000000f26a000000) (1024K)]

[error occurred during error reporting (printing all threads), id 0xc0000005, EXCEPTION_ACCESS_VIOLATION (0xc0000005) at pc=0x00007ffc582bfd90]
VM state: not at safepoint (not fully initialized)

VM Mutex/Monitor currently owned by a thread:  ([mutex/lock_event])
[0x00007ffc58c69768] Heap_lock - owner thread: 0x0000023ed524e1a0

Heap address: 0x000000074a400000, size: 2908 MB, Compressed Oops mode: Zero based, Oop shift amount: 3

CDS archive(s) mapped at: [0x0000000000000000-0x0000000000000000-0x0000000000000000), size 0, SharedBaseAddress: 0x0000000800000000, ArchiveRelocationMode: 1.
UseCompressedClassPointers 1, UseCompactObjectHeaders 0
Narrow klass pointer bits 32, Max shift 3
Narrow klass base: 0xffffffffffffffff, Narrow klass shift: -1
Encoding Range: [0xffffffffffffffff - 0x000000007fffffff), (2147483648 bytes)
Klass Range:    [0x0000000000000000 - 0x0000000000000000), (0 bytes)
Klass ID Range:  [4294967295 - 0) (1)
No protection zone.

GC Precious Log:
 CardTable entry size: 512
 Card Set container configuration: InlinePtr #cards 4 size 8 Array Of Cards #cards 16 size 48 Howl #buckets 8 coarsen threshold 3686 Howl Bitmap #cards 512 size 80 coarsen threshold 460 Card regions per heap region 1 cards per card region 4096

Heap:
 garbage-first heap   total reserved 2977792K, committed 0K, used 0K [0x000000074a400000, 0x0000000800000000)
  region size 2048K, 0 young (0K), 0 survivors (0K)

Heap Regions: E=young(eden), S=young(survivor), O=old, HS=humongous(starts), HC=humongous(continues), CS=collection set, F=free, TAMS=top-at-mark-start, PB=parsable bottom

Card table byte_map: [0x0000023eef970000,0x0000023eeff20000] _byte_map_base: 0x0000023eebf1e000

GC Heap Usage History (0 events):
No events

Metaspace Usage History (0 events):
No events

Dll operation events (1 events):
Event: 0.010 Loaded shared library C:\Program Files\Java\jdk-25.0.2\bin\java.dll

Deoptimization events (0 events):
No events

Classes loaded (0 events):
No events

Classes unloaded (0 events):
No events

Classes redefined (0 events):
No events

Internal exceptions (0 events):
No events

VM Operations (0 events):
No events

Memory protections (0 events):
No events

Nmethod flushes (0 events):
No events

Events (0 events):
No events


Dynamic libraries:
0x00007ff7c48c0000 - 0x00007ff7c48d0000 	C:\Program Files\Java\jdk-25.0.2\bin\java.exe
0x00007ffcf3180000 - 0x00007ffcf33e8000 	C:\WINDOWS\SYSTEM32\ntdll.dll
0x00007ffcf2010000 - 0x00007ffcf20d9000 	C:\WINDOWS\System32\KERNEL32.DLL
0x00007ffcefc60000 - 0x00007ffcf0051000 	C:\WINDOWS\System32\KERNELBASE.dll
0x00007ffcefa60000 - 0x00007ffcefbab000 	C:\WINDOWS\System32\ucrtbase.dll
0x00007ffcd13a0000 - 0x00007ffcd13b7000 	C:\Program Files\Java\jdk-25.0.2\bin\jli.dll
0x00007ffcdfb80000 - 0x00007ffcdfb9e000 	C:\Program Files\Java\jdk-25.0.2\bin\VCRUNTIME140.dll
0x00007ffcf2cb0000 - 0x00007ffcf2e76000 	C:\WINDOWS\System32\USER32.dll
0x00007ffcdf2f0000 - 0x00007ffcdf583000 	C:\WINDOWS\WinSxS\amd64_microsoft.windows.common-controls_6595b64144ccf1df_6.0.26100.7824_none_3e0870b2e3345462\COMCTL32.dll
0x00007ffcefa30000 - 0x00007ffcefa57000 	C:\WINDOWS\System32\win32u.dll
0x00007ffcf2fa0000 - 0x00007ffcf3049000 	C:\WINDOWS\System32\msvcrt.dll
0x00007ffcf2100000 - 0x00007ffcf212b000 	C:\WINDOWS\System32\GDI32.dll
0x00007ffcf0dc0000 - 0x00007ffcf0eeb000 	C:\WINDOWS\System32\gdi32full.dll
0x00007ffcf0d10000 - 0x00007ffcf0db3000 	C:\WINDOWS\System32\msvcp_win.dll
0x00007ffcf2c70000 - 0x00007ffcf2ca1000 	C:\WINDOWS\System32\IMM32.DLL
0x00007ffce0390000 - 0x00007ffce039c000 	C:\Program Files\Java\jdk-25.0.2\bin\vcruntime140_1.dll
0x00007ffc7bad0000 - 0x00007ffc7bb5d000 	C:\Program Files\Java\jdk-25.0.2\bin\msvcp140.dll
0x00007ffc57ef0000 - 0x00007ffc58d4f000 	C:\Program Files\Java\jdk-25.0.2\bin\server\jvm.dll
0x00007ffcf3050000 - 0x00007ffcf3104000 	C:\WINDOWS\System32\ADVAPI32.dll
0x00007ffcf1cf0000 - 0x00007ffcf1d96000 	C:\WINDOWS\System32\sechost.dll
0x00007ffcf2e80000 - 0x00007ffcf2f98000 	C:\WINDOWS\System32\RPCRT4.dll
0x00007ffcf0f30000 - 0x00007ffcf0fa4000 	C:\WINDOWS\System32\WS2_32.dll
0x00007ffcef890000 - 0x00007ffcef8ee000 	C:\WINDOWS\SYSTEM32\POWRPROF.dll
0x00007ffce87a0000 - 0x00007ffce87ab000 	C:\WINDOWS\SYSTEM32\VERSION.dll
0x00007ffce8760000 - 0x00007ffce8795000 	C:\WINDOWS\SYSTEM32\WINMM.dll
0x00007ffcef870000 - 0x00007ffcef884000 	C:\WINDOWS\SYSTEM32\UMPDC.dll
0x00007ffcee7d0000 - 0x00007ffcee7eb000 	C:\WINDOWS\SYSTEM32\kernel.appcore.dll
0x00007ffce0330000 - 0x00007ffce033a000 	C:\Program Files\Java\jdk-25.0.2\bin\jimage.dll
0x00007ffce40d0000 - 0x00007ffce4312000 	C:\WINDOWS\SYSTEM32\DBGHELP.DLL
0x00007ffcf2230000 - 0x00007ffcf25b6000 	C:\WINDOWS\System32\combase.dll
0x00007ffcf2b90000 - 0x00007ffcf2c67000 	C:\WINDOWS\System32\OLEAUT32.dll
0x00007ffcda500000 - 0x00007ffcda53b000 	C:\WINDOWS\SYSTEM32\dbgcore.DLL
0x00007ffcefbb0000 - 0x00007ffcefc55000 	C:\WINDOWS\System32\bcryptPrimitives.dll
0x00007ffcd1380000 - 0x00007ffcd139f000 	C:\Program Files\Java\jdk-25.0.2\bin\java.dll
0x00007ffcf26f0000 - 0x00007ffcf2887000 	C:\WINDOWS\System32\ole32.dll
0x00007ffcf1100000 - 0x00007ffcf1852000 	C:\WINDOWS\System32\SHELL32.dll
0x00007ffcf0060000 - 0x00007ffcf01ca000 	C:\WINDOWS\System32\wintypes.dll

JVMTI agents: none

dbghelp: loaded successfully - version: 4.0.5 - missing functions: none
symbol engine: initialized successfully - sym options: 0x614 - pdb path: .;C:\Program Files\Java\jdk-25.0.2\bin;C:\WINDOWS\SYSTEM32;C:\WINDOWS\WinSxS\amd64_microsoft.windows.common-controls_6595b64144ccf1df_6.0.26100.7824_none_3e0870b2e3345462;C:\Program Files\Java\jdk-25.0.2\bin\server

VM Arguments:
jvm_args: -Dnet.bytebuddy.agent.attacher.dump= 
java_command: net.bytebuddy.agent.Attacher com.sun.tools.attach.VirtualMachine 12860 C:\Users\bradl\.m2\repository\net\bytebuddy\byte-buddy-agent\1.17.8\byte-buddy-agent-1.17.8.jar false 
java_class_path (initial): C:\Users\bradl\.m2\repository\net\bytebuddy\byte-buddy-agent\1.17.8\byte-buddy-agent-1.17.8.jar
Launcher Type: SUN_STANDARD

[Global flags]
     intx CICompilerCount                          = 4                                         {product} {ergonomic}
     uint ConcGCThreads                            = 3                                         {product} {ergonomic}
     uint G1ConcRefinementThreads                  = 10                                        {product} {ergonomic}
   size_t G1HeapRegionSize                         = 2097152                                   {product} {ergonomic}
   size_t InitialHeapSize                          = 190840832                                 {product} {ergonomic}
   size_t MarkStackSize                            = 4194304                                   {product} {ergonomic}
   size_t MarkStackSizeMax                         = 536870912                                 {product} {ergonomic}
   size_t MaxHeapSize                              = 3049259008                                {product} {ergonomic}
   size_t MinHeapDeltaBytes                        = 2097152                                   {product} {ergonomic}
   size_t MinHeapSize                              = 8388608                                   {product} {ergonomic}
    uintx NonNMethodCodeHeapSize                   = 5832704                                {pd product} {ergonomic}
    uintx NonProfiledCodeHeapSize                  = 122945536                              {pd product} {ergonomic}
    uintx ProfiledCodeHeapSize                     = 122880000                              {pd product} {ergonomic}
    uintx ReservedCodeCacheSize                    = 251658240                              {pd product} {ergonomic}
     bool SegmentedCodeCache                       = true                                      {product} {ergonomic}
   size_t SoftMaxHeapSize                          = 3049259008                             {manageable} {ergonomic}
     bool UseCompressedOops                        = true                           {product lp64_product} {ergonomic}
     bool UseG1GC                                  = true                                      {product} {ergonomic}
     bool UseLargePagesIndividualAllocation        = false                                  {pd product} {ergonomic}

Logging:
Log output configuration:
 #0: stdout all=warning uptime,level,tags foldmultilines=false
 #1: stderr all=off uptime,level,tags foldmultilines=false

Release file:
<release file has not been read>
Environment Variables:
PATH=c:\Users\bradl\AppData\Local\Programs\cursor\resources\app\node_modules\@vscode\ripgrep\bin;C:\Program Files\Common Files\Oracle\Java\javapath;C:\Program Files (x86)\Common Files\Oracle\Java\java8path;C:\Program Files (x86)\Common Files\Oracle\Java\javapath;C:\WINDOWS\system32;C:\WINDOWS;C:\WINDOWS\System32\Wbem;C:\WINDOWS\System32\WindowsPowerShell\v1.0\;C:\WINDOWS\System32\OpenSSH\;C:\Program Files\Git\cmd;C:\Program Files\nodejs\;C:\ProgramData\ComposerSetup\bin;C:\Program Files (x86)\cloudflared\;C:\Program Files\GitHub CLI\;C:\Users\bradl\.config\herd-lite\bin;C:\Users\bradl\scoop\shims;C:\Users\bradl\AppData\Local\Programs\Python\Python313\Scripts\;C:\Users\bradl\AppData\Local\Programs\Python\Python313\;C:\Users\bradl\AppData\Local\Programs\Python\Launcher\;C:\Users\bradl\AppData\Local\Microsoft\WindowsApps;C:\Users\bradl\AppData\Local\Programs\Microsoft VS Code\bin;C:\Users\bradl\AppData\Local\Programs\cursor\resources\app\bin;C:\Users\bradl\AppData\Local\GitHubDesktop\bin;C:\Users\bradl\AppData\Local\Microsoft\WindowsApps;C:\mingw64\bin;C:\Users\bradl\AppData\Local\Microsoft\WinGet\Packages\DenoLand.Deno_Microsoft.Winget.Source_8wekyb3d8bbwe;C:\Users\bradl\AppData\Local\Microsoft\WinGet\Packages\yt-dlp.FFmpeg_Microsoft.Winget.Source_8wekyb3d8bbwe\ffmpeg-N-122319-gf6a95c7eb7-win64-gpl/bin;C:\Users\bradl\AppData\Local\Microsoft\WinGet\Packages\yt-dlp.yt-dlp_Microsoft.Winget.Source_8wekyb3d8bbwe;C:\Users\bradl\AppData\Local\Pandoc\;C:\Users\bradl\AppData\Roaming\npm;C:\Users\bradl\AppData\Roaming\Composer\vendor\bin;C:\Users\bradl\AppData\Local\Microsoft\WinGet\Packages\Ngrok.Ngrok_Microsoft.Winget.Source_8wekyb3d8bbwe;C:\Users\bradl\AppData\Local\Microsoft\WinGet\Packages\SQLite.SQLite_Microsoft.Winget.Source_8wekyb3d8bbwe;C:\laragon\bin\php\php-8-4-14;C:\laragon\bin\php\php-8.1.10-Win32-vs16-x64
USERNAME=bradl
TERM=dumb
OS=Windows_NT
PROCESSOR_IDENTIFIER=AMD64 Family 23 Model 104 Stepping 1, AuthenticAMD
TMP=C:\Users\bradl\AppData\Local\Temp
TEMP=C:\Users\bradl\AppData\Local\Temp




Compilation memory statistics disabled.

Periodic native trim disabled

---------------  S Y S T E M  ---------------

OS:
 Windows 11 , 64 bit Build 26100 (10.0.26100.7705)
OS uptime: 1 days 14:36 hours
Hyper-V role detected

CPU: total 12 (initial active 12) (12 cores per cpu, 2 threads per core) family 23 model 104 stepping 1 microcode 0x8608102, cx8, cmov, fxsr, ht, mmx, 3dnowpref, sse, sse2, sse3, ssse3, sse4a, sse4.1, sse4.2, popcnt, lzcnt, tsc, tscinvbit, avx, avx2, aes, clmul, bmi1, bmi2, adx, sha, fma, vzeroupper, clflush, clflushopt, clwb, hv, rdtscp, rdpid, f16c
Processor Information for processor 0
  Max Mhz: 2100, Current Mhz: 1988, Mhz Limit: 2100
Processor Information for processor 1
  Max Mhz: 2100, Current Mhz: 1988, Mhz Limit: 2100
Processor Information for processor 2
  Max Mhz: 2100, Current Mhz: 1988, Mhz Limit: 2100
Processor Information for processor 3
  Max Mhz: 2100, Current Mhz: 1988, Mhz Limit: 2100
Processor Information for processor 4
  Max Mhz: 2100, Current Mhz: 1988, Mhz Limit: 2100
Processor Information for processor 5
  Max Mhz: 2100, Current Mhz: 1988, Mhz Limit: 2100
Processor Information for processor 6
  Max Mhz: 2100, Current Mhz: 1988, Mhz Limit: 2100
Processor Information for processor 7
  Max Mhz: 2100, Current Mhz: 1988, Mhz Limit: 2100
Processor Information for processor 8
  Max Mhz: 2100, Current Mhz: 1988, Mhz Limit: 2100
Processor Information for processor 9
  Max Mhz: 2100, Current Mhz: 1988, Mhz Limit: 2100
Processor Information for processor 10
  Max Mhz: 2100, Current Mhz: 1988, Mhz Limit: 2100
Processor Information for processor 11
  Max Mhz: 2100, Current Mhz: 2100, Mhz Limit: 2100

Memory: 4k page, system-wide physical 11626M (667M free)
TotalPageFile size 41988M (AvailPageFile size 2M)
current process WorkingSet (physical memory assigned to process): 13M, peak: 13M
current process commit charge ("private bytes"): 59M, peak: 60M

vm_info: Java HotSpot(TM) 64-Bit Server VM (25.0.2+10-LTS-69) for windows-amd64 JRE (25.0.2+10-LTS-69), built on 2025-12-18T11:36:35Z with MS VC++ 17.13 (VS2022)

END.
